<?xml version="1.0" encoding="UTF-8"?>
<testsuite name="ch.felixmorgner.test.test.BasicTest" time="0.353" tests="1" errors="0" skipped="0" failures="0">
  <properties>
    <property name="java.vendor" value="Oracle Corporation"/>
    <property name="osgi.bundles.defaultStartLevel" value="4"/>
    <property name="sun.java.launcher" value="SUN_STANDARD"/>
    <property name="org.osgi.supports.framework.extension" value="true"/>
    <property name="sun.management.compiler" value="HotSpot 64-Bit Tiered Compilers"/>
    <property name="os.name" value="Linux"/>
    <property name="sun.boot.class.path" value="/usr/lib/jvm/java-8-openjdk/jre/lib/resources.jar:/usr/lib/jvm/java-8-openjdk/jre/lib/rt.jar:/usr/lib/jvm/java-8-openjdk/jre/lib/sunrsasign.jar:/usr/lib/jvm/java-8-openjdk/jre/lib/jsse.jar:/usr/lib/jvm/java-8-openjdk/jre/lib/jce.jar:/usr/lib/jvm/java-8-openjdk/jre/lib/charsets.jar:/usr/lib/jvm/java-8-openjdk/jre/lib/jfr.jar:/usr/lib/jvm/java-8-openjdk/jre/classes"/>
    <property name="osgi.ws" value="gtk"/>
    <property name="java.vm.specification.vendor" value="Oracle Corporation"/>
    <property name="java.runtime.version" value="1.8.0_60-b24"/>
    <property name="osgi.instance.area" value="file:/home/sophia/git/cdtplugintest/ch.felixmorgner.test.test/target/work/data/"/>
    <property name="org.osgi.framework.uuid" value="601bee3e-f95d-0015-1060-c515b20a981b"/>
    <property name="osgi.noShutdown" value="false"/>
    <property name="user.name" value="sophia"/>
    <property name="org.osgi.framework.system.packages" value="javax.accessibility,javax.activation,javax.activity,javax.annotation,javax.annotation.processing,javax.crypto,javax.crypto.interfaces,javax.crypto.spec,javax.imageio,javax.imageio.event,javax.imageio.metadata,javax.imageio.plugins.bmp,javax.imageio.plugins.jpeg,javax.imageio.spi,javax.imageio.stream,javax.jws,javax.jws.soap,javax.lang.model,javax.lang.model.element,javax.lang.model.type,javax.lang.model.util,javax.management,javax.management.loading,javax.management.modelmbean,javax.management.monitor,javax.management.openmbean,javax.management.relation,javax.management.remote,javax.management.remote.rmi,javax.management.timer,javax.naming,javax.naming.directory,javax.naming.event,javax.naming.ldap,javax.naming.spi,javax.net,javax.net.ssl,javax.print,javax.print.attribute,javax.print.attribute.standard,javax.print.event,javax.rmi,javax.rmi.CORBA,javax.rmi.ssl,javax.script,javax.security.auth,javax.security.auth.callback,javax.security.auth.kerberos,javax.security.auth.login,javax.security.auth.spi,javax.security.auth.x500,javax.security.cert,javax.security.sasl,javax.sound.midi,javax.sound.midi.spi,javax.sound.sampled,javax.sound.sampled.spi,javax.sql,javax.sql.rowset,javax.sql.rowset.serial,javax.sql.rowset.spi,javax.swing,javax.swing.border,javax.swing.colorchooser,javax.swing.event,javax.swing.filechooser,javax.swing.plaf,javax.swing.plaf.basic,javax.swing.plaf.metal,javax.swing.plaf.multi,javax.swing.plaf.nimbus,javax.swing.plaf.synth,javax.swing.table,javax.swing.text,javax.swing.text.html,javax.swing.text.html.parser,javax.swing.text.rtf,javax.swing.tree,javax.swing.undo,javax.tools,javax.transaction,javax.transaction.xa,javax.xml,javax.xml.bind,javax.xml.bind.annotation,javax.xml.bind.annotation.adapters,javax.xml.bind.attachment,javax.xml.bind.helpers,javax.xml.bind.util,javax.xml.crypto,javax.xml.crypto.dom,javax.xml.crypto.dsig,javax.xml.crypto.dsig.dom,javax.xml.crypto.dsig.keyinfo,javax.xml.crypto.dsig.spec,javax.xml.datatype,javax.xml.namespace,javax.xml.parsers,javax.xml.soap,javax.xml.stream,javax.xml.stream.events,javax.xml.stream.util,javax.xml.transform,javax.xml.transform.dom,javax.xml.transform.sax,javax.xml.transform.stax,javax.xml.transform.stream,javax.xml.validation,javax.xml.ws,javax.xml.ws.handler,javax.xml.ws.handler.soap,javax.xml.ws.http,javax.xml.ws.soap,javax.xml.ws.spi,javax.xml.ws.spi.http,javax.xml.ws.wsaddressing,javax.xml.xpath,org.ietf.jgss,org.omg.CORBA,org.omg.CORBA_2_3,org.omg.CORBA_2_3.portable,org.omg.CORBA.DynAnyPackage,org.omg.CORBA.ORBPackage,org.omg.CORBA.portable,org.omg.CORBA.TypeCodePackage,org.omg.CosNaming,org.omg.CosNaming.NamingContextExtPackage,org.omg.CosNaming.NamingContextPackage,org.omg.Dynamic,org.omg.DynamicAny,org.omg.DynamicAny.DynAnyFactoryPackage,org.omg.DynamicAny.DynAnyPackage,org.omg.IOP,org.omg.IOP.CodecFactoryPackage,org.omg.IOP.CodecPackage,org.omg.Messaging,org.omg.PortableInterceptor,org.omg.PortableInterceptor.ORBInitInfoPackage,org.omg.PortableServer,org.omg.PortableServer.CurrentPackage,org.omg.PortableServer.POAManagerPackage,org.omg.PortableServer.POAPackage,org.omg.PortableServer.portable,org.omg.PortableServer.ServantLocatorPackage,org.omg.SendingContext,org.omg.stub.java.rmi,org.w3c.dom,org.w3c.dom.bootstrap,org.w3c.dom.css,org.w3c.dom.events,org.w3c.dom.html,org.w3c.dom.ls,org.w3c.dom.ranges,org.w3c.dom.stylesheets,org.w3c.dom.traversal,org.w3c.dom.views,org.w3c.dom.xpath,org.xml.sax,org.xml.sax.ext,org.xml.sax.helpers"/>
    <property name="equinox.use.ds" value="true"/>
    <property name="org.osgi.framework.language" value="en"/>
    <property name="user.language" value="en"/>
    <property name="org.osgi.framework.processor" value="x86-64"/>
    <property name="osgi.syspath" value="/home/sophia/.m2/repository/p2/osgi/bundle/org.eclipse.osgi/3.10.100.v20150529-1857"/>
    <property name="sun.boot.library.path" value="/usr/lib/jvm/java-8-openjdk/jre/lib/amd64"/>
    <property name="org.osgi.framework.system.capabilities" value="osgi.ee; osgi.ee=&quot;OSGi/Minimum&quot;; version:List&lt;Version&gt;=&quot;1.0, 1.1, 1.2&quot;,osgi.ee; osgi.ee=&quot;JRE&quot;; version:List&lt;Version&gt;=&quot;1.0, 1.1&quot;,osgi.ee; osgi.ee=&quot;JavaSE&quot;; version:List&lt;Version&gt;=&quot;1.0, 1.1, 1.2, 1.3, 1.4, 1.5, 1.6, 1.7, 1.8&quot;,osgi.ee; osgi.ee=&quot;JavaSE/compact1&quot;; version:List&lt;Version&gt;=&quot;1.8&quot;,osgi.ee; osgi.ee=&quot;JavaSE/compact2&quot;; version:List&lt;Version&gt;=&quot;1.8&quot;,osgi.ee; osgi.ee=&quot;JavaSE/compact3&quot;; version:List&lt;Version&gt;=&quot;1.8&quot;"/>
    <property name="osgi.compatibility.bootdelegation" value="true"/>
    <property name="java.version" value="1.8.0_60"/>
    <property name="org.osgi.framework.os.name" value="Linux"/>
    <property name="user.timezone" value="Europe/Zurich"/>
    <property name="sun.arch.data.model" value="64"/>
    <property name="osgi.bundles" value="reference:file:/home/sophia/git/cdtplugintest/ch.felixmorgner.test/target/ch.felixmorgner.test-1.0.0.qualifier.jar,reference:file:/home/sophia/.m2/repository/p2/osgi/bundle/org.eclipse.ui/3.107.0.v20150507-1945/org.eclipse.ui-3.107.0.v20150507-1945.jar,reference:file:/home/sophia/.m2/repository/p2/osgi/bundle/org.eclipse.core.runtime/3.11.0.v20150405-1723/org.eclipse.core.runtime-3.11.0.v20150405-1723.jar@4:start,reference:file:/home/sophia/.m2/repository/p2/osgi/bundle/org.eclipse.core.resources/3.10.0.v20150423-0755/org.eclipse.core.resources-3.10.0.v20150423-0755.jar,reference:file:/home/sophia/.m2/repository/p2/osgi/bundle/org.eclipse.cdt.core.native/5.8.0.201506070905/org.eclipse.cdt.core.native-5.8.0.201506070905.jar,reference:file:/home/sophia/.m2/repository/p2/osgi/bundle/org.eclipse.cdt.core/5.10.0.201506070905/org.eclipse.cdt.core-5.10.0.201506070905.jar,reference:file:/home/sophia/.m2/repository/p2/osgi/bundle/org.eclipse.cdt.codan.core.cxx/3.3.0.201506070905/org.eclipse.cdt.codan.core.cxx-3.3.0.201506070905.jar,reference:file:/home/sophia/.m2/repository/p2/osgi/bundle/org.eclipse.cdt.codan.core/3.3.0.201506070905/org.eclipse.cdt.codan.core-3.3.0.201506070905.jar,reference:file:/home/sophia/git/cdtplugintest/ch.felixmorgner.test.test,reference:file:/home/sophia/.m2/repository/p2/osgi/bundle/org.eclipse.cdt.codan.ui/3.2.0.201506070905/org.eclipse.cdt.codan.ui-3.2.0.201506070905.jar,reference:file:/home/sophia/.m2/repository/p2/osgi/bundle/org.eclipse.cdt.codan.ui.cxx/3.2.0.201506070905/org.eclipse.cdt.codan.ui.cxx-3.2.0.201506070905.jar,reference:file:/home/sophia/.m2/repository/p2/osgi/bundle/org.junit/4.12.0.v201504281640/org.junit-4.12.0.v201504281640.jar,reference:file:/home/sophia/.m2/repository/p2/osgi/bundle/org.eclipse.cdt.codan.core.test/3.2.0.201506250937/org.eclipse.cdt.codan.core.test-3.2.0.201506250937.jar,reference:file:/home/sophia/.m2/repository/p2/osgi/bundle/org.eclipse.cdt.core.tests/5.4.0.201506250937/org.eclipse.cdt.core.tests-5.4.0.201506250937.jar,reference:file:/home/sophia/.m2/repository/p2/osgi/bundle/org.eclipse.cdt.codan.checkers.ui/3.2.0.201506070905/org.eclipse.cdt.codan.checkers.ui-3.2.0.201506070905.jar,reference:file:/home/sophia/.m2/repository/p2/osgi/bundle/org.eclipse.ltk.core.refactoring/3.6.200.v20140826-0859/org.eclipse.ltk.core.refactoring-3.6.200.v20140826-0859.jar,reference:file:/home/sophia/.m2/repository/p2/osgi/bundle/org.eclipse.jface.text/3.10.0.v20150603-1752/org.eclipse.jface.text-3.10.0.v20150603-1752.jar,reference:file:/home/sophia/.m2/repository/p2/osgi/bundle/org.eclipse.ui.ide/3.11.0.v20150510-1749/org.eclipse.ui.ide-3.11.0.v20150510-1749.jar,reference:file:/home/sophia/.m2/repository/p2/osgi/bundle/com.jcraft.jsch/0.1.51.v201410302000/com.jcraft.jsch-0.1.51.v201410302000.jar,reference:file:/home/sophia/.m2/repository/p2/osgi/bundle/com.sun.el/2.2.0.v201303151357/com.sun.el-2.2.0.v201303151357.jar,reference:file:/home/sophia/.m2/repository/p2/osgi/bundle/javax.el/2.2.0.v201303151357/javax.el-2.2.0.v201303151357.jar,reference:file:/home/sophia/.m2/repository/p2/osgi/bundle/javax.servlet/3.1.0.v201410161800/javax.servlet-3.1.0.v201410161800.jar,reference:file:/home/sophia/.m2/repository/p2/osgi/bundle/javax.annotation/1.2.0.v201401042248/javax.annotation-1.2.0.v201401042248.jar,reference:file:/home/sophia/.m2/repository/p2/osgi/bundle/javax.servlet.jsp/2.2.0.v201112011158/javax.servlet.jsp-2.2.0.v201112011158.jar,reference:file:/home/sophia/.m2/repository/p2/osgi/bundle/javax.xml/1.3.4.v201005080400/javax.xml-1.3.4.v201005080400.jar,reference:file:/home/sophia/.m2/repository/p2/osgi/bundle/org.apache.batik.css/1.7.0.v201011041433/org.apache.batik.css-1.7.0.v201011041433.jar,reference:file:/home/sophia/.m2/repository/p2/osgi/bundle/org.apache.batik.util/1.7.0.v201011041433/org.apache.batik.util-1.7.0.v201011041433.jar,reference:file:/home/sophia/.m2/repository/p2/osgi/bundle/org.w3c.dom.events/3.0.0.draft20060413_v201105210656/org.w3c.dom.events-3.0.0.draft20060413_v201105210656.jar,reference:file:/home/sophia/.m2/repository/p2/osgi/bundle/org.w3c.css.sac/1.3.1.v200903091627/org.w3c.css.sac-1.3.1.v200903091627.jar,reference:file:/home/sophia/.m2/repository/p2/osgi/bundle/org.w3c.dom.svg/1.1.0.v201011041433/org.w3c.dom.svg-1.1.0.v201011041433.jar,reference:file:/home/sophia/.m2/repository/p2/osgi/bundle/org.apache.batik.util.gui/1.7.0.v200903091627/org.apache.batik.util.gui-1.7.0.v200903091627.jar,reference:file:/home/sophia/.m2/repository/p2/osgi/bundle/org.apache.commons.codec/1.6.0.v201305230611/org.apache.commons.codec-1.6.0.v201305230611.jar,reference:file:/home/sophia/.m2/repository/p2/osgi/bundle/org.apache.felix.gogo.command/0.10.0.v201209301215/org.apache.felix.gogo.command-0.10.0.v201209301215.jar,reference:file:/home/sophia/.m2/repository/p2/osgi/bundle/org.apache.felix.gogo.runtime/0.10.0.v201209301036/org.apache.felix.gogo.runtime-0.10.0.v201209301036.jar,reference:file:/home/sophia/.m2/repository/p2/osgi/bundle/org.eclipse.osgi.services/3.5.0.v20150519-2006/org.eclipse.osgi.services-3.5.0.v20150519-2006.jar,reference:file:/home/sophia/.m2/repository/p2/osgi/bundle/org.apache.felix.gogo.shell/0.10.0.v201212101605/org.apache.felix.gogo.shell-0.10.0.v201212101605.jar,reference:file:/home/sophia/.m2/repository/p2/osgi/bundle/org.apache.commons.logging/1.1.1.v201101211721/org.apache.commons.logging-1.1.1.v201101211721.jar,reference:file:/home/sophia/.m2/repository/p2/osgi/bundle/org.apache.httpcomponents.httpcore/4.3.3.v201411290715/org.apache.httpcomponents.httpcore-4.3.3.v201411290715.jar,reference:file:/home/sophia/.m2/repository/p2/osgi/bundle/org.apache.httpcomponents.httpclient/4.3.6.v201411290715/org.apache.httpcomponents.httpclient-4.3.6.v201411290715.jar,reference:file:/home/sophia/.m2/repository/p2/osgi/bundle/org.apache.jasper.glassfish/2.2.2.v201501141630/org.apache.jasper.glassfish-2.2.2.v201501141630.jar,reference:file:/home/sophia/.m2/repository/p2/osgi/bundle/org.apache.lucene.analysis/3.5.0.v20120725-1805/org.apache.lucene.analysis-3.5.0.v20120725-1805.jar,reference:file:/home/sophia/.m2/repository/p2/osgi/bundle/org.apache.lucene.core/3.5.0.v20120725-1805/org.apache.lucene.core-3.5.0.v20120725-1805.jar,reference:file:/home/sophia/.m2/repository/p2/osgi/bundle/org.eclipse.ant.core/3.4.0.v20150428-1928/org.eclipse.ant.core-3.4.0.v20150428-1928.jar,reference:file:/home/sophia/.m2/repository/p2/osgi/bundle/org.eclipse.core.variables/3.2.800.v20130819-1716/org.eclipse.core.variables-3.2.800.v20130819-1716.jar,reference:file:/home/sophia/.m2/repository/p2/osgi/bundle/org.eclipse.ant.launching/1.1.0.v20150428-1928/org.eclipse.ant.launching-1.1.0.v20150428-1928.jar,reference:file:/home/sophia/.m2/repository/p2/osgi/bundle/org.eclipse.debug.core/3.10.0.v20150303-1130/org.eclipse.debug.core-3.10.0.v20150303-1130.jar,reference:file:/home/sophia/.m2/repository/p2/osgi/bundle/org.eclipse.jdt.launching/3.8.0.v20150527-0946/org.eclipse.jdt.launching-3.8.0.v20150527-0946.jar,reference:file:/home/sophia/.m2/repository/p2/osgi/bundle/org.apache.ant/1.9.4.v201504302020/org.apache.ant-1.9.4.v201504302020.jar,reference:file:/home/sophia/.m2/repository/p2/osgi/bundle/org.eclipse.core.externaltools/1.0.300.v20140219-0051/org.eclipse.core.externaltools-1.0.300.v20140219-0051.jar,reference:file:/home/sophia/.m2/repository/p2/osgi/bundle/org.eclipse.text/3.5.400.v20150505-1044/org.eclipse.text-3.5.400.v20150505-1044.jar,reference:file:/home/sophia/.m2/repository/p2/osgi/bundle/org.eclipse.jdt.core/3.11.0.v20150602-1242/org.eclipse.jdt.core-3.11.0.v20150602-1242.jar,reference:file:/home/sophia/.m2/repository/p2/osgi/bundle/com.ibm.icu/54.1.1.v201501272100/com.ibm.icu-54.1.1.v201501272100.jar,reference:file:/home/sophia/.m2/repository/p2/osgi/bundle/org.eclipse.ant.ui/3.6.0.v20150428-1928/org.eclipse.ant.ui-3.6.0.v20150428-1928.jar,reference:file:/home/sophia/.m2/repository/p2/osgi/bundle/org.eclipse.core.filesystem/1.5.0.v20150421-0713/org.eclipse.core.filesystem-1.5.0.v20150421-0713.jar,reference:file:/home/sophia/.m2/repository/p2/osgi/bundle/org.eclipse.ui.externaltools/3.3.0.v20150302-1002/org.eclipse.ui.externaltools-3.3.0.v20150302-1002.jar,reference:file:/home/sophia/.m2/repository/p2/osgi/bundle/org.eclipse.ui.console/3.6.0.v20150512-1341/org.eclipse.ui.console-3.6.0.v20150512-1341.jar,reference:file:/home/sophia/.m2/repository/p2/osgi/bundle/org.eclipse.debug.ui/3.11.0.v20150514-0917/org.eclipse.debug.ui-3.11.0.v20150514-0917.jar,reference:file:/home/sophia/.m2/repository/p2/osgi/bundle/org.eclipse.jdt.ui/3.11.0.v20150527-0925/org.eclipse.jdt.ui-3.11.0.v20150527-0925.jar,reference:file:/home/sophia/.m2/repository/p2/osgi/bundle/org.eclipse.jdt.debug.ui/3.7.0.v20150505-1916/org.eclipse.jdt.debug.ui-3.7.0.v20150505-1916.jar,reference:file:/home/sophia/.m2/repository/p2/osgi/bundle/org.eclipse.team.core/3.7.100.v20150203-1452/org.eclipse.team.core-3.7.100.v20150203-1452.jar,reference:file:/home/sophia/.m2/repository/p2/osgi/bundle/org.eclipse.core.expressions/3.5.0.v20150421-2214/org.eclipse.core.expressions-3.5.0.v20150421-2214.jar,reference:file:/home/sophia/.m2/repository/p2/osgi/bundle/org.eclipse.jdt.junit/3.8.0.v20150428-1340/org.eclipse.jdt.junit-3.8.0.v20150428-1340.jar,reference:file:/home/sophia/.m2/repository/p2/osgi/bundle/org.eclipse.cdt.codan.checkers/3.2.0.201506070905/org.eclipse.cdt.codan.checkers-3.2.0.201506070905.jar,reference:file:/home/sophia/.m2/repository/p2/osgi/bundle/org.eclipse.cdt.ui/5.10.0.201506070905/org.eclipse.cdt.ui-5.10.0.201506070905.jar,reference:file:/home/sophia/.m2/repository/p2/osgi/bundle/org.eclipse.jface/3.11.0.v20150602-1400/org.eclipse.jface-3.11.0.v20150602-1400.jar,reference:file:/home/sophia/.m2/repository/p2/osgi/bundle/org.eclipse.ui.editors/3.9.0.v20150213-1939/org.eclipse.ui.editors-3.9.0.v20150213-1939.jar,reference:file:/home/sophia/.m2/repository/p2/osgi/bundle/org.eclipse.ui.workbench.texteditor/3.9.100.v20141023-1946/org.eclipse.ui.workbench.texteditor-3.9.100.v20141023-1946.jar,reference:file:/home/sophia/.m2/repository/p2/osgi/bundle/org.eclipse.core.contenttype/3.5.0.v20150421-2214/org.eclipse.core.contenttype-3.5.0.v20150421-2214.jar,reference:file:/home/sophia/.m2/repository/p2/osgi/bundle/org.eclipse.core.filebuffers/3.5.500.v20140723-1040/org.eclipse.core.filebuffers-3.5.500.v20140723-1040.jar,reference:file:/home/sophia/.m2/repository/p2/osgi/bundle/org.eclipse.compare/3.5.600.v20150420-1449/org.eclipse.compare-3.5.600.v20150420-1449.jar,reference:file:/home/sophia/.m2/repository/p2/osgi/bundle/org.eclipse.help/3.6.0.v20130326-1254/org.eclipse.help-3.6.0.v20130326-1254.jar,reference:file:/home/sophia/.m2/repository/p2/osgi/bundle/org.eclipse.ltk.ui.refactoring/3.7.200.v20140625-1835/org.eclipse.ltk.ui.refactoring-3.7.200.v20140625-1835.jar,reference:file:/home/sophia/.m2/repository/p2/osgi/bundle/org.eclipse.search/3.10.0.v20150318-0856/org.eclipse.search-3.10.0.v20150318-0856.jar,reference:file:/home/sophia/.m2/repository/p2/osgi/bundle/org.eclipse.ui.forms/3.6.200.v20150506-2029/org.eclipse.ui.forms-3.6.200.v20150506-2029.jar,reference:file:/home/sophia/.m2/repository/p2/osgi/bundle/org.eclipse.ui.navigator/3.6.0.v20150422-0725/org.eclipse.ui.navigator-3.6.0.v20150422-0725.jar,reference:file:/home/sophia/.m2/repository/p2/osgi/bundle/org.eclipse.ui.navigator.resources/3.5.0.v20150422-0725/org.eclipse.ui.navigator.resources-3.5.0.v20150422-0725.jar,reference:file:/home/sophia/.m2/repository/p2/osgi/bundle/org.eclipse.ui.views/3.8.0.v20150422-0725/org.eclipse.ui.views-3.8.0.v20150422-0725.jar,reference:file:/home/sophia/.m2/repository/p2/osgi/bundle/org.eclipse.e4.ui.css.swt.theme/0.10.0.v20150422-0725/org.eclipse.e4.ui.css.swt.theme-0.10.0.v20150422-0725.jar,reference:file:/home/sophia/.m2/repository/p2/osgi/bundle/org.eclipse.compare.core/3.5.500.v20150505-1058/org.eclipse.compare.core-3.5.500.v20150505-1058.jar,reference:file:/home/sophia/.m2/repository/p2/osgi/bundle/org.eclipse.core.commands/3.7.0.v20150422-0725/org.eclipse.core.commands-3.7.0.v20150422-0725.jar,reference:file:/home/sophia/.m2/repository/p2/osgi/bundle/org.eclipse.equinox.common/3.7.0.v20150402-1709/org.eclipse.equinox.common-3.7.0.v20150402-1709.jar@2:start,reference:file:/home/sophia/.m2/repository/p2/osgi/bundle/org.eclipse.equinox.preferences/3.5.300.v20150408-1437/org.eclipse.equinox.preferences-3.5.300.v20150408-1437.jar,reference:file:/home/sophia/.m2/repository/p2/osgi/bundle/org.eclipse.equinox.registry/3.6.0.v20150318-1503/org.eclipse.equinox.registry-3.6.0.v20150318-1503.jar,reference:file:/home/sophia/.m2/repository/p2/osgi/bundle/org.eclipse.core.databinding/1.5.0.v20150422-0725/org.eclipse.core.databinding-1.5.0.v20150422-0725.jar,reference:file:/home/sophia/.m2/repository/p2/osgi/bundle/org.eclipse.core.databinding.observable/1.5.0.v20150422-0725/org.eclipse.core.databinding.observable-1.5.0.v20150422-0725.jar,reference:file:/home/sophia/.m2/repository/p2/osgi/bundle/org.eclipse.core.databinding.property/1.5.0.v20150422-0725/org.eclipse.core.databinding.property-1.5.0.v20150422-0725.jar,reference:file:/home/sophia/.m2/repository/p2/osgi/bundle/org.eclipse.core.databinding.beans/1.3.0.v20150422-0725/org.eclipse.core.databinding.beans-1.3.0.v20150422-0725.jar,reference:file:/home/sophia/.m2/repository/p2/osgi/bundle/org.eclipse.core.filesystem.java7/1.0.100.v20150423-0754/org.eclipse.core.filesystem.java7-1.0.100.v20150423-0754.jar,reference:file:/home/sophia/.m2/repository/p2/osgi/bundle/org.eclipse.core.filesystem.linux.x86_64/1.2.200.v20140124-1940/org.eclipse.core.filesystem.linux.x86_64-1.2.200.v20140124-1940.jar,reference:file:/home/sophia/.m2/repository/p2/osgi/bundle/org.eclipse.core.jobs/3.7.0.v20150330-2103/org.eclipse.core.jobs-3.7.0.v20150330-2103.jar,reference:file:/home/sophia/.m2/repository/p2/osgi/bundle/org.eclipse.core.net/1.2.300.v20141118-1725/org.eclipse.core.net-1.2.300.v20141118-1725.jar,reference:file:/home/sophia/.m2/repository/p2/osgi/bundle/org.eclipse.equinox.security/1.2.100.v20150423-1356/org.eclipse.equinox.security-1.2.100.v20150423-1356.jar,reference:file:/home/sophia/.m2/repository/p2/osgi/bundle/org.eclipse.core.net.linux.x86_64/1.1.100.v20140124-2013/org.eclipse.core.net.linux.x86_64-1.1.100.v20140124-2013.jar,reference:file:/home/sophia/.m2/repository/p2/osgi/bundle/org.eclipse.equinox.app/1.3.300.v20150423-1356/org.eclipse.equinox.app-1.3.300.v20150423-1356.jar,reference:file:/home/sophia/.m2/repository/p2/osgi/bundle/org.eclipse.core.runtime.compatibility/3.2.300.v20150423-0821/org.eclipse.core.runtime.compatibility-3.2.300.v20150423-0821.jar,reference:file:/home/sophia/.m2/repository/p2/osgi/bundle/org.eclipse.update.configurator/3.3.300.v20140518-1928/org.eclipse.update.configurator-3.3.300.v20140518-1928.jar@3:start,reference:file:/home/sophia/git/cdtplugintest/ch.felixmorgner.test.test/target/work/plugins/org.eclipse.core.runtime.compatibility.registry_3.6.0.v20150318-1505,reference:file:/home/sophia/.m2/repository/p2/osgi/bundle/org.eclipse.cvs/1.4.200.v20150603-2000/org.eclipse.cvs-1.4.200.v20150603-2000.jar,reference:file:/home/sophia/.m2/repository/p2/osgi/bundle/org.eclipse.team.cvs.core/3.3.700.v20150203-1452/org.eclipse.team.cvs.core-3.3.700.v20150203-1452.jar,reference:file:/home/sophia/.m2/repository/p2/osgi/bundle/org.eclipse.team.cvs.ssh2/3.2.500.v20150203-1452/org.eclipse.team.cvs.ssh2-3.2.500.v20150203-1452.jar,reference:file:/home/sophia/.m2/repository/p2/osgi/bundle/org.eclipse.team.cvs.ui/3.3.700.v20141118-1725/org.eclipse.team.cvs.ui-3.3.700.v20141118-1725.jar,reference:file:/home/sophia/.m2/repository/p2/osgi/bundle/org.eclipse.team.cvs.core.source/3.3.700.v20150203-1452/org.eclipse.team.cvs.core.source-3.3.700.v20150203-1452.jar,reference:file:/home/sophia/.m2/repository/p2/osgi/bundle/org.eclipse.team.cvs.ssh2.source/3.2.500.v20150203-1452/org.eclipse.team.cvs.ssh2.source-3.2.500.v20150203-1452.jar,reference:file:/home/sophia/.m2/repository/p2/osgi/bundle/org.eclipse.team.cvs.ui.source/3.3.700.v20141118-1725/org.eclipse.team.cvs.ui.source-3.3.700.v20141118-1725.jar,reference:file:/home/sophia/.m2/repository/p2/osgi/bundle/org.eclipse.e4.core.commands/0.11.0.v20150422-0725/org.eclipse.e4.core.commands-0.11.0.v20150422-0725.jar,reference:file:/home/sophia/.m2/repository/p2/osgi/bundle/org.eclipse.e4.core.di/1.5.0.v20150421-2214/org.eclipse.e4.core.di-1.5.0.v20150421-2214.jar,reference:file:/home/sophia/.m2/repository/p2/osgi/bundle/javax.inject/1.0.0.v20091030/javax.inject-1.0.0.v20091030.jar,reference:file:/home/sophia/.m2/repository/p2/osgi/bundle/org.eclipse.e4.core.contexts/1.4.0.v20150421-2214/org.eclipse.e4.core.contexts-1.4.0.v20150421-2214.jar,reference:file:/home/sophia/.m2/repository/p2/osgi/bundle/org.eclipse.e4.core.services/2.0.0.v20150403-1912/org.eclipse.e4.core.services-2.0.0.v20150403-1912.jar,reference:file:/home/sophia/.m2/repository/p2/osgi/bundle/org.eclipse.e4.core.di.annotations/1.4.0.v20150528-1451/org.eclipse.e4.core.di.annotations-1.4.0.v20150528-1451.jar,reference:file:/home/sophia/.m2/repository/p2/osgi/bundle/org.eclipse.e4.core.di.extensions/0.13.0.v20150421-2214/org.eclipse.e4.core.di.extensions-0.13.0.v20150421-2214.jar,reference:file:/home/sophia/.m2/repository/p2/osgi/bundle/org.eclipse.e4.emf.xpath/0.1.100.v20150513-0856/org.eclipse.e4.emf.xpath-0.1.100.v20150513-0856.jar,reference:file:/home/sophia/.m2/repository/p2/osgi/bundle/org.apache.commons.jxpath/1.3.0.v200911051830/org.apache.commons.jxpath-1.3.0.v200911051830.jar,reference:file:/home/sophia/.m2/repository/p2/osgi/bundle/org.eclipse.emf.ecore/2.11.0.v20150512-0501/org.eclipse.emf.ecore-2.11.0.v20150512-0501.jar,reference:file:/home/sophia/.m2/repository/p2/osgi/bundle/org.eclipse.e4.ui.workbench.swt/0.13.0.v20150504-0621/org.eclipse.e4.ui.workbench.swt-0.13.0.v20150504-0621.jar,reference:file:/home/sophia/.m2/repository/p2/osgi/bundle/org.eclipse.e4.ui.bindings/0.11.0.v20150422-0725/org.eclipse.e4.ui.bindings-0.11.0.v20150422-0725.jar,reference:file:/home/sophia/.m2/repository/p2/osgi/bundle/org.eclipse.e4.ui.model.workbench/1.1.100.v20150407-1430/org.eclipse.e4.ui.model.workbench-1.1.100.v20150407-1430.jar,reference:file:/home/sophia/.m2/repository/p2/osgi/bundle/org.eclipse.e4.ui.services/1.2.0.v20150422-0725/org.eclipse.e4.ui.services-1.2.0.v20150422-0725.jar,reference:file:/home/sophia/.m2/repository/p2/osgi/bundle/org.eclipse.e4.ui.workbench.renderers.swt/0.13.0.v20150603-0857/org.eclipse.e4.ui.workbench.renderers.swt-0.13.0.v20150603-0857.jar,reference:file:/home/sophia/.m2/repository/p2/osgi/bundle/org.eclipse.e4.ui.workbench/1.3.0.v20150531-1948/org.eclipse.e4.ui.workbench-1.3.0.v20150531-1948.jar,reference:file:/home/sophia/.m2/repository/p2/osgi/bundle/org.eclipse.e4.ui.css.core/0.11.0.v20150511-1937/org.eclipse.e4.ui.css.core-0.11.0.v20150511-1937.jar,reference:file:/home/sophia/.m2/repository/p2/osgi/bundle/org.eclipse.e4.ui.css.swt/0.12.0.v20150511-1003/org.eclipse.e4.ui.css.swt-0.12.0.v20150511-1003.jar,reference:file:/home/sophia/.m2/repository/p2/osgi/bundle/org.w3c.dom.smil/1.0.1.v200903091627/org.w3c.dom.smil-1.0.1.v200903091627.jar,reference:file:/home/sophia/.m2/repository/p2/osgi/bundle/org.eclipse.e4.ui.di/1.1.0.v20150422-0725/org.eclipse.e4.ui.di-1.1.0.v20150422-0725.jar,reference:file:/home/sophia/.m2/repository/p2/osgi/bundle/org.eclipse.e4.ui.widgets/1.1.0.v20150427-1751/org.eclipse.e4.ui.widgets-1.1.0.v20150427-1751.jar,reference:file:/home/sophia/.m2/repository/p2/osgi/bundle/org.eclipse.equinox.ds/1.4.300.v20150423-1356/org.eclipse.equinox.ds-1.4.300.v20150423-1356.jar@1:start,reference:file:/home/sophia/.m2/repository/p2/osgi/bundle/org.eclipse.equinox.event/1.3.100.v20140115-1647/org.eclipse.equinox.event-1.3.100.v20140115-1647.jar,reference:file:/home/sophia/.m2/repository/p2/osgi/bundle/org.eclipse.equinox.launcher/1.3.100.v20150511-1540/org.eclipse.equinox.launcher-1.3.100.v20150511-1540.jar,reference:file:/home/sophia/.m2/repository/p2/osgi/bundle/org.eclipse.equinox.simpleconfigurator/1.1.100.v20150423-1455/org.eclipse.equinox.simpleconfigurator-1.1.100.v20150423-1455.jar@1:start,reference:file:/home/sophia/.m2/repository/p2/osgi/bundle/org.eclipse.osgi.compatibility.state/1.0.100.v20150402-1551/org.eclipse.osgi.compatibility.state-1.0.100.v20150402-1551.jar,reference:file:/home/sophia/git/cdtplugintest/ch.felixmorgner.test.test/target/work/plugins/org.eclipse.equinox.launcher.gtk.linux.x86_64_1.1.300.v20150602-1417,reference:file:/home/sophia/.m2/repository/p2/osgi/bundle/org.eclipse.swt/3.104.0.v20150528-0211/org.eclipse.swt-3.104.0.v20150528-0211.jar,reference:file:/home/sophia/.m2/repository/p2/osgi/bundle/org.eclipse.swt.gtk.linux.x86_64/3.104.0.v20150528-0211/org.eclipse.swt.gtk.linux.x86_64-3.104.0.v20150528-0211.jar,reference:file:/home/sophia/.m2/repository/p2/osgi/bundle/org.eclipse.equinox.util/1.0.500.v20130404-1337/org.eclipse.equinox.util-1.0.500.v20130404-1337.jar,reference:file:/home/sophia/.m2/repository/p2/osgi/bundle/org.eclipse.jface.databinding/1.7.0.v20150406-2148/org.eclipse.jface.databinding-1.7.0.v20150406-2148.jar,reference:file:/home/sophia/.m2/repository/p2/osgi/bundle/org.eclipse.e4.ui.workbench3/0.13.0.v20150422-0725/org.eclipse.e4.ui.workbench3-0.13.0.v20150422-0725.jar,reference:file:/home/sophia/.m2/repository/p2/osgi/bundle/org.eclipse.equinox.console/1.1.100.v20141023-1406/org.eclipse.equinox.console-1.1.100.v20141023-1406.jar,reference:file:/home/sophia/.m2/repository/p2/osgi/bundle/org.eclipse.e4.ui.workbench.addons.swt/1.2.0.v20150512-1414/org.eclipse.e4.ui.workbench.addons.swt-1.2.0.v20150512-1414.jar,reference:file:/home/sophia/.m2/repository/p2/osgi/bundle/org.eclipse.equinox.bidi/0.10.0.v20130327-1442/org.eclipse.equinox.bidi-0.10.0.v20130327-1442.jar,reference:file:/home/sophia/.m2/repository/p2/osgi/bundle/org.eclipse.e4.ui.dialogs/1.0.0.v20150513-0856/org.eclipse.e4.ui.dialogs-1.0.0.v20150513-0856.jar,reference:file:/home/sophia/.m2/repository/p2/osgi/bundle/org.eclipse.e4.ui.swt.gtk/1.0.0.v20150430-0904/org.eclipse.e4.ui.swt.gtk-1.0.0.v20150430-0904.jar,reference:file:/home/sophia/.m2/repository/p2/osgi/bundle/org.eclipse.e4.core.services.source/2.0.0.v20150403-1912/org.eclipse.e4.core.services.source-2.0.0.v20150403-1912.jar,reference:file:/home/sophia/.m2/repository/p2/osgi/bundle/org.eclipse.e4.ui.workbench.swt.source/0.13.0.v20150504-0621/org.eclipse.e4.ui.workbench.swt.source-0.13.0.v20150504-0621.jar,reference:file:/home/sophia/.m2/repository/p2/osgi/bundle/org.eclipse.e4.core.commands.source/0.11.0.v20150422-0725/org.eclipse.e4.core.commands.source-0.11.0.v20150422-0725.jar,reference:file:/home/sophia/.m2/repository/p2/osgi/bundle/org.eclipse.e4.ui.bindings.source/0.11.0.v20150422-0725/org.eclipse.e4.ui.bindings.source-0.11.0.v20150422-0725.jar,reference:file:/home/sophia/.m2/repository/p2/osgi/bundle/org.eclipse.e4.ui.model.workbench.source/1.1.100.v20150407-1430/org.eclipse.e4.ui.model.workbench.source-1.1.100.v20150407-1430.jar,reference:file:/home/sophia/.m2/repository/p2/osgi/bundle/org.eclipse.e4.ui.services.source/1.2.0.v20150422-0725/org.eclipse.e4.ui.services.source-1.2.0.v20150422-0725.jar,reference:file:/home/sophia/.m2/repository/p2/osgi/bundle/org.eclipse.e4.ui.workbench.renderers.swt.source/0.13.0.v20150603-0857/org.eclipse.e4.ui.workbench.renderers.swt.source-0.13.0.v20150603-0857.jar,reference:file:/home/sophia/.m2/repository/p2/osgi/bundle/org.eclipse.e4.ui.workbench.source/1.3.0.v20150531-1948/org.eclipse.e4.ui.workbench.source-1.3.0.v20150531-1948.jar,reference:file:/home/sophia/.m2/repository/p2/osgi/bundle/org.eclipse.e4.ui.css.core.source/0.11.0.v20150511-1937/org.eclipse.e4.ui.css.core.source-0.11.0.v20150511-1937.jar,reference:file:/home/sophia/.m2/repository/p2/osgi/bundle/org.eclipse.e4.ui.css.swt.source/0.12.0.v20150511-1003/org.eclipse.e4.ui.css.swt.source-0.12.0.v20150511-1003.jar,reference:file:/home/sophia/.m2/repository/p2/osgi/bundle/org.apache.batik.css.source/1.7.0.v201011041433/org.apache.batik.css.source-1.7.0.v201011041433.jar,reference:file:/home/sophia/.m2/repository/p2/osgi/bundle/org.w3c.css.sac.source/1.3.1.v200903091627/org.w3c.css.sac.source-1.3.1.v200903091627.jar,reference:file:/home/sophia/.m2/repository/p2/osgi/bundle/org.apache.batik.util.source/1.7.0.v201011041433/org.apache.batik.util.source-1.7.0.v201011041433.jar,reference:file:/home/sophia/.m2/repository/p2/osgi/bundle/org.w3c.dom.svg.source/1.1.0.v201011041433/org.w3c.dom.svg.source-1.1.0.v201011041433.jar,reference:file:/home/sophia/.m2/repository/p2/osgi/bundle/org.w3c.dom.smil.source/1.0.1.v200903091627/org.w3c.dom.smil.source-1.0.1.v200903091627.jar,reference:file:/home/sophia/.m2/repository/p2/osgi/bundle/org.w3c.dom.events.source/3.0.0.draft20060413_v201105210656/org.w3c.dom.events.source-3.0.0.draft20060413_v201105210656.jar,reference:file:/home/sophia/.m2/repository/p2/osgi/bundle/javax.inject.source/1.0.0.v20091030/javax.inject.source-1.0.0.v20091030.jar,reference:file:/home/sophia/.m2/repository/p2/osgi/bundle/javax.annotation.source/1.2.0.v201401042248/javax.annotation.source-1.2.0.v201401042248.jar,reference:file:/home/sophia/.m2/repository/p2/osgi/bundle/org.eclipse.e4.core.di.source/1.5.0.v20150421-2214/org.eclipse.e4.core.di.source-1.5.0.v20150421-2214.jar,reference:file:/home/sophia/.m2/repository/p2/osgi/bundle/org.eclipse.e4.core.contexts.source/1.4.0.v20150421-2214/org.eclipse.e4.core.contexts.source-1.4.0.v20150421-2214.jar,reference:file:/home/sophia/.m2/repository/p2/osgi/bundle/org.apache.batik.util.gui.source/1.7.0.v200903091627/org.apache.batik.util.gui.source-1.7.0.v200903091627.jar,reference:file:/home/sophia/.m2/repository/p2/osgi/bundle/org.eclipse.e4.core.di.extensions.source/0.13.0.v20150421-2214/org.eclipse.e4.core.di.extensions.source-0.13.0.v20150421-2214.jar,reference:file:/home/sophia/.m2/repository/p2/osgi/bundle/org.eclipse.e4.ui.css.swt.theme.source/0.10.0.v20150422-0725/org.eclipse.e4.ui.css.swt.theme.source-0.10.0.v20150422-0725.jar,reference:file:/home/sophia/.m2/repository/p2/osgi/bundle/org.eclipse.e4.ui.di.source/1.1.0.v20150422-0725/org.eclipse.e4.ui.di.source-1.1.0.v20150422-0725.jar,reference:file:/home/sophia/.m2/repository/p2/osgi/bundle/org.eclipse.e4.ui.widgets.source/1.1.0.v20150427-1751/org.eclipse.e4.ui.widgets.source-1.1.0.v20150427-1751.jar,reference:file:/home/sophia/.m2/repository/p2/osgi/bundle/org.eclipse.equinox.common.source/3.7.0.v20150402-1709/org.eclipse.equinox.common.source-3.7.0.v20150402-1709.jar,reference:file:/home/sophia/.m2/repository/p2/osgi/bundle/org.eclipse.equinox.ds.source/1.4.300.v20150423-1356/org.eclipse.equinox.ds.source-1.4.300.v20150423-1356.jar,reference:file:/home/sophia/.m2/repository/p2/osgi/bundle/org.eclipse.equinox.event.source/1.3.100.v20140115-1647/org.eclipse.equinox.event.source-1.3.100.v20140115-1647.jar,reference:file:/home/sophia/.m2/repository/p2/osgi/bundle/org.eclipse.core.commands.source/3.7.0.v20150422-0725/org.eclipse.core.commands.source-3.7.0.v20150422-0725.jar,reference:file:/home/sophia/.m2/repository/p2/osgi/bundle/org.eclipse.core.contenttype.source/3.5.0.v20150421-2214/org.eclipse.core.contenttype.source-3.5.0.v20150421-2214.jar,reference:file:/home/sophia/.m2/repository/p2/osgi/bundle/org.eclipse.core.databinding.source/1.5.0.v20150422-0725/org.eclipse.core.databinding.source-1.5.0.v20150422-0725.jar,reference:file:/home/sophia/.m2/repository/p2/osgi/bundle/org.eclipse.core.databinding.beans.source/1.3.0.v20150422-0725/org.eclipse.core.databinding.beans.source-1.3.0.v20150422-0725.jar,reference:file:/home/sophia/.m2/repository/p2/osgi/bundle/org.eclipse.core.databinding.observable.source/1.5.0.v20150422-0725/org.eclipse.core.databinding.observable.source-1.5.0.v20150422-0725.jar,reference:file:/home/sophia/.m2/repository/p2/osgi/bundle/org.eclipse.core.databinding.property.source/1.5.0.v20150422-0725/org.eclipse.core.databinding.property.source-1.5.0.v20150422-0725.jar,reference:file:/home/sophia/.m2/repository/p2/osgi/bundle/org.eclipse.core.expressions.source/3.5.0.v20150421-2214/org.eclipse.core.expressions.source-3.5.0.v20150421-2214.jar,reference:file:/home/sophia/.m2/repository/p2/osgi/bundle/org.eclipse.core.jobs.source/3.7.0.v20150330-2103/org.eclipse.core.jobs.source-3.7.0.v20150330-2103.jar,reference:file:/home/sophia/.m2/repository/p2/osgi/bundle/org.eclipse.core.runtime.source/3.11.0.v20150405-1723/org.eclipse.core.runtime.source-3.11.0.v20150405-1723.jar,reference:file:/home/sophia/.m2/repository/p2/osgi/bundle/org.eclipse.equinox.app.source/1.3.300.v20150423-1356/org.eclipse.equinox.app.source-1.3.300.v20150423-1356.jar,reference:file:/home/sophia/.m2/repository/p2/osgi/bundle/org.eclipse.equinox.launcher.source/1.3.100.v20150511-1540/org.eclipse.equinox.launcher.source-1.3.100.v20150511-1540.jar,reference:file:/home/sophia/.m2/repository/p2/osgi/bundle/com.ibm.icu.source/54.1.1.v201501272100/com.ibm.icu.source-54.1.1.v201501272100.jar,reference:file:/home/sophia/.m2/repository/p2/osgi/bundle/org.eclipse.equinox.preferences.source/3.5.300.v20150408-1437/org.eclipse.equinox.preferences.source-3.5.300.v20150408-1437.jar,reference:file:/home/sophia/.m2/repository/p2/osgi/bundle/org.eclipse.equinox.registry.source/3.6.0.v20150318-1503/org.eclipse.equinox.registry.source-3.6.0.v20150318-1503.jar,reference:file:/home/sophia/.m2/repository/p2/osgi/bundle/org.eclipse.equinox.simpleconfigurator.source/1.1.100.v20150423-1455/org.eclipse.equinox.simpleconfigurator.source-1.1.100.v20150423-1455.jar,reference:file:/home/sophia/.m2/repository/p2/osgi/bundle/org.eclipse.osgi.source/3.10.100.v20150529-1857/org.eclipse.osgi.source-3.10.100.v20150529-1857.jar,reference:file:/home/sophia/.m2/repository/p2/osgi/bundle/org.eclipse.osgi.compatibility.state.source/1.0.100.v20150402-1551/org.eclipse.osgi.compatibility.state.source-1.0.100.v20150402-1551.jar,reference:file:/home/sophia/.m2/repository/p2/osgi/bundle/org.eclipse.osgi.services.source/3.5.0.v20150519-2006/org.eclipse.osgi.services.source-3.5.0.v20150519-2006.jar,reference:file:/home/sophia/.m2/repository/p2/osgi/bundle/org.eclipse.swt.gtk.linux.x86_64.source/3.104.0.v20150528-0211/org.eclipse.swt.gtk.linux.x86_64.source-3.104.0.v20150528-0211.jar,reference:file:/home/sophia/.m2/repository/p2/osgi/bundle/org.eclipse.equinox.util.source/1.0.500.v20130404-1337/org.eclipse.equinox.util.source-1.0.500.v20130404-1337.jar,reference:file:/home/sophia/.m2/repository/p2/osgi/bundle/org.eclipse.jface.source/3.11.0.v20150602-1400/org.eclipse.jface.source-3.11.0.v20150602-1400.jar,reference:file:/home/sophia/.m2/repository/p2/osgi/bundle/org.eclipse.jface.databinding.source/1.7.0.v20150406-2148/org.eclipse.jface.databinding.source-1.7.0.v20150406-2148.jar,reference:file:/home/sophia/.m2/repository/p2/osgi/bundle/org.eclipse.e4.ui.workbench3.source/0.13.0.v20150422-0725/org.eclipse.e4.ui.workbench3.source-0.13.0.v20150422-0725.jar,reference:file:/home/sophia/.m2/repository/p2/osgi/bundle/org.apache.felix.gogo.command.source/0.10.0.v201209301215/org.apache.felix.gogo.command.source-0.10.0.v201209301215.jar,reference:file:/home/sophia/.m2/repository/p2/osgi/bundle/org.apache.felix.gogo.runtime.source/0.10.0.v201209301036/org.apache.felix.gogo.runtime.source-0.10.0.v201209301036.jar,reference:file:/home/sophia/.m2/repository/p2/osgi/bundle/org.apache.felix.gogo.shell.source/0.10.0.v201212101605/org.apache.felix.gogo.shell.source-0.10.0.v201212101605.jar,reference:file:/home/sophia/.m2/repository/p2/osgi/bundle/org.eclipse.equinox.console.source/1.1.100.v20141023-1406/org.eclipse.equinox.console.source-1.1.100.v20141023-1406.jar,reference:file:/home/sophia/.m2/repository/p2/osgi/bundle/org.eclipse.e4.ui.workbench.addons.swt.source/1.2.0.v20150512-1414/org.eclipse.e4.ui.workbench.addons.swt.source-1.2.0.v20150512-1414.jar,reference:file:/home/sophia/.m2/repository/p2/osgi/bundle/org.eclipse.equinox.bidi.source/0.10.0.v20130327-1442/org.eclipse.equinox.bidi.source-0.10.0.v20130327-1442.jar,reference:file:/home/sophia/.m2/repository/p2/osgi/bundle/org.eclipse.e4.ui.dialogs.source/1.0.0.v20150513-0856/org.eclipse.e4.ui.dialogs.source-1.0.0.v20150513-0856.jar,reference:file:/home/sophia/.m2/repository/p2/osgi/bundle/org.apache.commons.jxpath.source/1.3.0.v200911051830/org.apache.commons.jxpath.source-1.3.0.v200911051830.jar,reference:file:/home/sophia/.m2/repository/p2/osgi/bundle/org.eclipse.e4.emf.xpath.source/0.1.100.v20150513-0856/org.eclipse.e4.emf.xpath.source-0.1.100.v20150513-0856.jar,reference:file:/home/sophia/.m2/repository/p2/osgi/bundle/org.eclipse.e4.core.di.annotations.source/1.4.0.v20150528-1451/org.eclipse.e4.core.di.annotations.source-1.4.0.v20150528-1451.jar,reference:file:/home/sophia/.m2/repository/p2/osgi/bundle/org.eclipse.e4.ui.swt.gtk.source/1.0.0.v20150430-0904/org.eclipse.e4.ui.swt.gtk.source-1.0.0.v20150430-0904.jar,reference:file:/home/sophia/.m2/repository/p2/osgi/bundle/org.eclipse.emf.ecore.change/2.11.0.v20150512-0501/org.eclipse.emf.ecore.change-2.11.0.v20150512-0501.jar,reference:file:/home/sophia/.m2/repository/p2/osgi/bundle/org.eclipse.emf.ecore.xmi/2.11.0.v20150512-0501/org.eclipse.emf.ecore.xmi-2.11.0.v20150512-0501.jar,reference:file:/home/sophia/.m2/repository/p2/osgi/bundle/org.eclipse.ecf/3.4.0.v20150512-1727/org.eclipse.ecf-3.4.0.v20150512-1727.jar,reference:file:/home/sophia/.m2/repository/p2/osgi/bundle/org.eclipse.ecf.identity/3.5.0.v20150512-1727/org.eclipse.ecf.identity-3.5.0.v20150512-1727.jar,reference:file:/home/sophia/.m2/repository/p2/osgi/bundle/org.eclipse.equinox.concurrent/1.1.0.v20130327-1442/org.eclipse.equinox.concurrent-1.1.0.v20130327-1442.jar,reference:file:/home/sophia/.m2/repository/p2/osgi/bundle/org.eclipse.ecf.source/3.4.0.v20150512-1727/org.eclipse.ecf.source-3.4.0.v20150512-1727.jar,reference:file:/home/sophia/.m2/repository/p2/osgi/bundle/org.eclipse.ecf.identity.source/3.5.0.v20150512-1727/org.eclipse.ecf.identity.source-3.5.0.v20150512-1727.jar,reference:file:/home/sophia/.m2/repository/p2/osgi/bundle/org.eclipse.ecf.ssl.source/1.1.0.v20150512-1727/org.eclipse.ecf.ssl.source-1.1.0.v20150512-1727.jar,reference:file:/home/sophia/.m2/repository/p2/osgi/bundle/org.eclipse.ecf.ssl/1.1.0.v20150512-1727/org.eclipse.ecf.ssl-1.1.0.v20150512-1727.jar,reference:file:/home/sophia/.m2/repository/p2/osgi/bundle/org.eclipse.ecf.filetransfer/5.0.0.v20150512-1727/org.eclipse.ecf.filetransfer-5.0.0.v20150512-1727.jar,reference:file:/home/sophia/.m2/repository/p2/osgi/bundle/org.eclipse.ecf.provider.filetransfer/3.2.200.v20150512-1727/org.eclipse.ecf.provider.filetransfer-3.2.200.v20150512-1727.jar,reference:file:/home/sophia/.m2/repository/p2/osgi/bundle/org.eclipse.ecf.provider.filetransfer.httpclient4/1.0.1043.v20150512-1727/org.eclipse.ecf.provider.filetransfer.httpclient4-1.0.1043.v20150512-1727.jar,reference:file:/home/sophia/.m2/repository/p2/osgi/bundle/org.eclipse.ecf.provider.filetransfer.httpclient4.ssl.source/1.0.0.v20150512-1727/org.eclipse.ecf.provider.filetransfer.httpclient4.ssl.source-1.0.0.v20150512-1727.jar,reference:file:/home/sophia/.m2/repository/p2/osgi/bundle/org.eclipse.ecf.provider.filetransfer.httpclient4.source/1.0.1043.v20150512-1727/org.eclipse.ecf.provider.filetransfer.httpclient4.source-1.0.1043.v20150512-1727.jar,reference:file:/home/sophia/.m2/repository/p2/osgi/bundle/org.eclipse.ecf.provider.filetransfer.httpclient4.ssl/1.0.0.v20150512-1727/org.eclipse.ecf.provider.filetransfer.httpclient4.ssl-1.0.0.v20150512-1727.jar,reference:file:/home/sophia/.m2/repository/p2/osgi/bundle/org.eclipse.ecf.provider.filetransfer.ssl.source/1.0.0.v20150512-1727/org.eclipse.ecf.provider.filetransfer.ssl.source-1.0.0.v20150512-1727.jar,reference:file:/home/sophia/.m2/repository/p2/osgi/bundle/org.eclipse.ecf.filetransfer.source/5.0.0.v20150512-1727/org.eclipse.ecf.filetransfer.source-5.0.0.v20150512-1727.jar,reference:file:/home/sophia/.m2/repository/p2/osgi/bundle/org.eclipse.ecf.provider.filetransfer.source/3.2.200.v20150512-1727/org.eclipse.ecf.provider.filetransfer.source-3.2.200.v20150512-1727.jar,reference:file:/home/sophia/.m2/repository/p2/osgi/bundle/org.eclipse.ecf.provider.filetransfer.ssl/1.0.0.v20150512-1727/org.eclipse.ecf.provider.filetransfer.ssl-1.0.0.v20150512-1727.jar,reference:file:/home/sophia/.m2/repository/p2/osgi/bundle/org.eclipse.emf.common/2.11.0.v20150512-0501/org.eclipse.emf.common-2.11.0.v20150512-0501.jar,reference:file:/home/sophia/.m2/repository/p2/osgi/bundle/org.eclipse.emf.common.source/2.11.0.v20150512-0501/org.eclipse.emf.common.source-2.11.0.v20150512-0501.jar,reference:file:/home/sophia/.m2/repository/p2/osgi/bundle/org.eclipse.emf.ecore.xmi.source/2.11.0.v20150512-0501/org.eclipse.emf.ecore.xmi.source-2.11.0.v20150512-0501.jar,reference:file:/home/sophia/.m2/repository/p2/osgi/bundle/org.eclipse.emf.ecore.change.source/2.11.0.v20150512-0501/org.eclipse.emf.ecore.change.source-2.11.0.v20150512-0501.jar,reference:file:/home/sophia/.m2/repository/p2/osgi/bundle/org.eclipse.emf.ecore.source/2.11.0.v20150512-0501/org.eclipse.emf.ecore.source-2.11.0.v20150512-0501.jar,reference:file:/home/sophia/.m2/repository/p2/osgi/bundle/org.eclipse.equinox.frameworkadmin/2.0.200.v20150423-1455/org.eclipse.equinox.frameworkadmin-2.0.200.v20150423-1455.jar,reference:file:/home/sophia/.m2/repository/p2/osgi/bundle/org.eclipse.equinox.frameworkadmin.equinox/1.0.600.v20150522-2234/org.eclipse.equinox.frameworkadmin.equinox-1.0.600.v20150522-2234.jar,reference:file:/home/sophia/.m2/repository/p2/osgi/bundle/org.eclipse.equinox.http.jetty/3.1.0.v20150323-1312/org.eclipse.equinox.http.jetty-3.1.0.v20150323-1312.jar,reference:file:/home/sophia/.m2/repository/p2/osgi/bundle/org.eclipse.equinox.http.servlet/1.2.0.v20150519-1816/org.eclipse.equinox.http.servlet-1.2.0.v20150519-1816.jar,reference:file:/home/sophia/.m2/repository/p2/osgi/bundle/org.eclipse.jetty.http/9.2.9.v20150224/org.eclipse.jetty.http-9.2.9.v20150224.jar,reference:file:/home/sophia/.m2/repository/p2/osgi/bundle/org.eclipse.jetty.server/9.2.9.v20150224/org.eclipse.jetty.server-9.2.9.v20150224.jar,reference:file:/home/sophia/.m2/repository/p2/osgi/bundle/org.eclipse.jetty.servlet/9.2.9.v20150224/org.eclipse.jetty.servlet-9.2.9.v20150224.jar,reference:file:/home/sophia/.m2/repository/p2/osgi/bundle/org.eclipse.jetty.util/9.2.9.v20150224/org.eclipse.jetty.util-9.2.9.v20150224.jar,reference:file:/home/sophia/.m2/repository/p2/osgi/bundle/org.eclipse.equinox.http.registry/1.1.300.v20130402-1529/org.eclipse.equinox.http.registry-1.1.300.v20130402-1529.jar,reference:file:/home/sophia/.m2/repository/p2/osgi/bundle/org.eclipse.equinox.jsp.jasper/1.0.500.v20150119-1358/org.eclipse.equinox.jsp.jasper-1.0.500.v20150119-1358.jar,reference:file:/home/sophia/.m2/repository/p2/osgi/bundle/org.eclipse.equinox.jsp.jasper.registry/1.0.300.v20130327-1442/org.eclipse.equinox.jsp.jasper.registry-1.0.300.v20130327-1442.jar,reference:file:/home/sophia/.m2/repository/p2/osgi/bundle/org.eclipse.equinox.p2.artifact.repository/1.1.400.v20150513-2116/org.eclipse.equinox.p2.artifact.repository-1.1.400.v20150513-2116.jar,reference:file:/home/sophia/.m2/repository/p2/osgi/bundle/org.eclipse.equinox.p2.metadata/2.3.0.v20150511-1532/org.eclipse.equinox.p2.metadata-2.3.0.v20150511-1532.jar,reference:file:/home/sophia/.m2/repository/p2/osgi/bundle/org.tukaani.xz/1.3.0.v201308270617/org.tukaani.xz-1.3.0.v201308270617.jar,reference:file:/home/sophia/.m2/repository/p2/osgi/bundle/org.eclipse.equinox.p2.core/2.4.0.v20150527-1706/org.eclipse.equinox.p2.core-2.4.0.v20150527-1706.jar,reference:file:/home/sophia/.m2/repository/p2/osgi/bundle/org.eclipse.equinox.p2.jarprocessor/1.0.400.v20150430-1836/org.eclipse.equinox.p2.jarprocessor-1.0.400.v20150430-1836.jar,reference:file:/home/sophia/.m2/repository/p2/osgi/bundle/org.eclipse.equinox.p2.repository/2.3.100.v20150428-1613/org.eclipse.equinox.p2.repository-2.3.100.v20150428-1613.jar,reference:file:/home/sophia/.m2/repository/p2/osgi/bundle/org.eclipse.equinox.p2.console/1.0.400.v20150423-1455/org.eclipse.equinox.p2.console-1.0.400.v20150423-1455.jar,reference:file:/home/sophia/.m2/repository/p2/osgi/bundle/org.eclipse.equinox.p2.director/2.3.200.v20150423-1455/org.eclipse.equinox.p2.director-2.3.200.v20150423-1455.jar,reference:file:/home/sophia/.m2/repository/p2/osgi/bundle/org.eclipse.equinox.p2.engine/2.4.0.v20150511-1532/org.eclipse.equinox.p2.engine-2.4.0.v20150511-1532.jar,reference:file:/home/sophia/.m2/repository/p2/osgi/bundle/org.eclipse.equinox.p2.garbagecollector/1.0.200.v20131115-1210/org.eclipse.equinox.p2.garbagecollector-1.0.200.v20131115-1210.jar,reference:file:/home/sophia/.m2/repository/p2/osgi/bundle/org.eclipse.equinox.p2.metadata.repository/1.2.200.v20150428-1613/org.eclipse.equinox.p2.metadata.repository-1.2.200.v20150428-1613.jar,reference:file:/home/sophia/.m2/repository/p2/osgi/bundle/org.eclipse.equinox.p2.touchpoint.eclipse/2.1.300.v20150423-1455/org.eclipse.equinox.p2.touchpoint.eclipse-2.1.300.v20150423-1455.jar,reference:file:/home/sophia/.m2/repository/p2/osgi/bundle/org.eclipse.equinox.p2.touchpoint.natives/1.2.0.v20150519-1136/org.eclipse.equinox.p2.touchpoint.natives-1.2.0.v20150519-1136.jar,reference:file:/home/sophia/.m2/repository/p2/osgi/bundle/org.eclipse.equinox.simpleconfigurator.manipulator/2.0.100.v20150423-1455/org.eclipse.equinox.simpleconfigurator.manipulator-2.0.100.v20150423-1455.jar,reference:file:/home/sophia/.m2/repository/p2/osgi/bundle/org.sat4j.core/2.3.5.v201308161310/org.sat4j.core-2.3.5.v201308161310.jar,reference:file:/home/sophia/.m2/repository/p2/osgi/bundle/org.sat4j.pb/2.3.5.v201404071733/org.sat4j.pb-2.3.5.v201404071733.jar,reference:file:/home/sophia/.m2/repository/p2/osgi/bundle/org.eclipse.equinox.p2.transport.ecf/1.1.100.v20150521-1342/org.eclipse.equinox.p2.transport.ecf-1.1.100.v20150521-1342.jar,reference:file:/home/sophia/.m2/repository/p2/osgi/bundle/org.eclipse.equinox.p2.operations/2.4.100.v20150423-1455/org.eclipse.equinox.p2.operations-2.4.100.v20150423-1455.jar,reference:file:/home/sophia/.m2/repository/p2/osgi/bundle/org.eclipse.equinox.p2.artifact.repository.source/1.1.400.v20150513-2116/org.eclipse.equinox.p2.artifact.repository.source-1.1.400.v20150513-2116.jar,reference:file:/home/sophia/.m2/repository/p2/osgi/bundle/org.eclipse.equinox.p2.console.source/1.0.400.v20150423-1455/org.eclipse.equinox.p2.console.source-1.0.400.v20150423-1455.jar,reference:file:/home/sophia/.m2/repository/p2/osgi/bundle/org.eclipse.equinox.p2.core.source/2.4.0.v20150527-1706/org.eclipse.equinox.p2.core.source-2.4.0.v20150527-1706.jar,reference:file:/home/sophia/.m2/repository/p2/osgi/bundle/org.eclipse.equinox.p2.director.source/2.3.200.v20150423-1455/org.eclipse.equinox.p2.director.source-2.3.200.v20150423-1455.jar,reference:file:/home/sophia/.m2/repository/p2/osgi/bundle/org.eclipse.equinox.p2.engine.source/2.4.0.v20150511-1532/org.eclipse.equinox.p2.engine.source-2.4.0.v20150511-1532.jar,reference:file:/home/sophia/.m2/repository/p2/osgi/bundle/org.eclipse.equinox.p2.garbagecollector.source/1.0.200.v20131115-1210/org.eclipse.equinox.p2.garbagecollector.source-1.0.200.v20131115-1210.jar,reference:file:/home/sophia/.m2/repository/p2/osgi/bundle/org.eclipse.equinox.p2.metadata.source/2.3.0.v20150511-1532/org.eclipse.equinox.p2.metadata.source-2.3.0.v20150511-1532.jar,reference:file:/home/sophia/.m2/repository/p2/osgi/bundle/org.eclipse.equinox.p2.metadata.repository.source/1.2.200.v20150428-1613/org.eclipse.equinox.p2.metadata.repository.source-1.2.200.v20150428-1613.jar,reference:file:/home/sophia/.m2/repository/p2/osgi/bundle/org.eclipse.equinox.p2.repository.source/2.3.100.v20150428-1613/org.eclipse.equinox.p2.repository.source-2.3.100.v20150428-1613.jar,reference:file:/home/sophia/.m2/repository/p2/osgi/bundle/org.eclipse.equinox.p2.touchpoint.eclipse.source/2.1.300.v20150423-1455/org.eclipse.equinox.p2.touchpoint.eclipse.source-2.1.300.v20150423-1455.jar,reference:file:/home/sophia/.m2/repository/p2/osgi/bundle/org.eclipse.equinox.p2.touchpoint.natives.source/1.2.0.v20150519-1136/org.eclipse.equinox.p2.touchpoint.natives.source-1.2.0.v20150519-1136.jar,reference:file:/home/sophia/.m2/repository/p2/osgi/bundle/org.eclipse.equinox.simpleconfigurator.manipulator.source/2.0.100.v20150423-1455/org.eclipse.equinox.simpleconfigurator.manipulator.source-2.0.100.v20150423-1455.jar,reference:file:/home/sophia/.m2/repository/p2/osgi/bundle/org.eclipse.equinox.frameworkadmin.source/2.0.200.v20150423-1455/org.eclipse.equinox.frameworkadmin.source-2.0.200.v20150423-1455.jar,reference:file:/home/sophia/.m2/repository/p2/osgi/bundle/org.eclipse.equinox.frameworkadmin.equinox.source/1.0.600.v20150522-2234/org.eclipse.equinox.frameworkadmin.equinox.source-1.0.600.v20150522-2234.jar,reference:file:/home/sophia/.m2/repository/p2/osgi/bundle/org.eclipse.equinox.security.source/1.2.100.v20150423-1356/org.eclipse.equinox.security.source-1.2.100.v20150423-1356.jar,reference:file:/home/sophia/.m2/repository/p2/osgi/bundle/org.eclipse.equinox.p2.jarprocessor.source/1.0.400.v20150430-1836/org.eclipse.equinox.p2.jarprocessor.source-1.0.400.v20150430-1836.jar,reference:file:/home/sophia/.m2/repository/p2/osgi/bundle/org.eclipse.equinox.p2.transport.ecf.source/1.1.100.v20150521-1342/org.eclipse.equinox.p2.transport.ecf.source-1.1.100.v20150521-1342.jar,reference:file:/home/sophia/.m2/repository/p2/osgi/bundle/org.eclipse.equinox.p2.operations.source/2.4.100.v20150423-1455/org.eclipse.equinox.p2.operations.source-2.4.100.v20150423-1455.jar,reference:file:/home/sophia/.m2/repository/p2/osgi/bundle/org.tukaani.xz.source/1.3.0.v201308270617/org.tukaani.xz.source-1.3.0.v201308270617.jar,reference:file:/home/sophia/.m2/repository/p2/osgi/bundle/org.eclipse.equinox.p2.director.app/1.0.400.v20150423-1455/org.eclipse.equinox.p2.director.app-1.0.400.v20150423-1455.jar,reference:file:/home/sophia/.m2/repository/p2/osgi/bundle/org.eclipse.equinox.p2.directorywatcher/1.1.100.v20150423-1455/org.eclipse.equinox.p2.directorywatcher-1.1.100.v20150423-1455.jar,reference:file:/home/sophia/.m2/repository/p2/osgi/bundle/org.eclipse.equinox.p2.publisher/1.4.0.v20141117-0929/org.eclipse.equinox.p2.publisher-1.4.0.v20141117-0929.jar,reference:file:/home/sophia/.m2/repository/p2/osgi/bundle/org.eclipse.equinox.p2.publisher.eclipse/1.2.0.v20150601-1708/org.eclipse.equinox.p2.publisher.eclipse-1.2.0.v20150601-1708.jar,reference:file:/home/sophia/.m2/repository/p2/osgi/bundle/org.eclipse.equinox.p2.extensionlocation/1.2.200.v20150423-1455/org.eclipse.equinox.p2.extensionlocation-1.2.200.v20150423-1455.jar,reference:file:/home/sophia/.m2/repository/p2/osgi/bundle/org.eclipse.equinox.p2.reconciler.dropins/1.1.300.v20150423-1455/org.eclipse.equinox.p2.reconciler.dropins-1.1.300.v20150423-1455.jar,reference:file:/home/sophia/.m2/repository/p2/osgi/bundle/org.eclipse.equinox.p2.repository.tools/2.1.100.v20150423-1455/org.eclipse.equinox.p2.repository.tools-2.1.100.v20150423-1455.jar,reference:file:/home/sophia/.m2/repository/p2/osgi/bundle/org.eclipse.equinox.p2.director.app.source/1.0.400.v20150423-1455/org.eclipse.equinox.p2.director.app.source-1.0.400.v20150423-1455.jar,reference:file:/home/sophia/.m2/repository/p2/osgi/bundle/org.eclipse.equinox.p2.directorywatcher.source/1.1.100.v20150423-1455/org.eclipse.equinox.p2.directorywatcher.source-1.1.100.v20150423-1455.jar,reference:file:/home/sophia/.m2/repository/p2/osgi/bundle/org.eclipse.equinox.p2.reconciler.dropins.source/1.1.300.v20150423-1455/org.eclipse.equinox.p2.reconciler.dropins.source-1.1.300.v20150423-1455.jar,reference:file:/home/sophia/.m2/repository/p2/osgi/bundle/org.eclipse.equinox.p2.publisher.source/1.4.0.v20141117-0929/org.eclipse.equinox.p2.publisher.source-1.4.0.v20141117-0929.jar,reference:file:/home/sophia/.m2/repository/p2/osgi/bundle/org.eclipse.equinox.p2.extensionlocation.source/1.2.200.v20150423-1455/org.eclipse.equinox.p2.extensionlocation.source-1.2.200.v20150423-1455.jar,reference:file:/home/sophia/.m2/repository/p2/osgi/bundle/org.eclipse.equinox.p2.repository.tools.source/2.1.100.v20150423-1455/org.eclipse.equinox.p2.repository.tools.source-2.1.100.v20150423-1455.jar,reference:file:/home/sophia/.m2/repository/p2/osgi/bundle/org.eclipse.equinox.p2.publisher.eclipse.source/1.2.0.v20150601-1708/org.eclipse.equinox.p2.publisher.eclipse.source-1.2.0.v20150601-1708.jar,reference:file:/home/sophia/.m2/repository/p2/osgi/bundle/org.eclipse.equinox.p2.ui/2.4.0.v20150425-0422/org.eclipse.equinox.p2.ui-2.4.0.v20150425-0422.jar,reference:file:/home/sophia/.m2/repository/p2/osgi/bundle/org.eclipse.equinox.p2.ui.sdk.scheduler/1.2.100.v20150423-1455/org.eclipse.equinox.p2.ui.sdk.scheduler-1.2.100.v20150423-1455.jar,reference:file:/home/sophia/.m2/repository/p2/osgi/bundle/org.eclipse.equinox.p2.updatechecker/1.1.200.v20131119-0908/org.eclipse.equinox.p2.updatechecker-1.1.200.v20131119-0908.jar,reference:file:/home/sophia/.m2/repository/p2/osgi/bundle/org.eclipse.equinox.security.ui/1.1.200.v20130626-2037/org.eclipse.equinox.security.ui-1.1.200.v20130626-2037.jar,reference:file:/home/sophia/.m2/repository/p2/osgi/bundle/org.eclipse.equinox.p2.ui.sdk/1.0.400.v20150423-1455/org.eclipse.equinox.p2.ui.sdk-1.0.400.v20150423-1455.jar,reference:file:/home/sophia/.m2/repository/p2/osgi/bundle/org.eclipse.equinox.p2.ui.source/2.4.0.v20150425-0422/org.eclipse.equinox.p2.ui.source-2.4.0.v20150425-0422.jar,reference:file:/home/sophia/.m2/repository/p2/osgi/bundle/org.eclipse.equinox.p2.ui.sdk.scheduler.source/1.2.100.v20150423-1455/org.eclipse.equinox.p2.ui.sdk.scheduler.source-1.2.100.v20150423-1455.jar,reference:file:/home/sophia/.m2/repository/p2/osgi/bundle/org.eclipse.equinox.p2.updatechecker.source/1.1.200.v20131119-0908/org.eclipse.equinox.p2.updatechecker.source-1.1.200.v20131119-0908.jar,reference:file:/home/sophia/.m2/repository/p2/osgi/bundle/org.eclipse.equinox.security.ui.source/1.1.200.v20130626-2037/org.eclipse.equinox.security.ui.source-1.1.200.v20130626-2037.jar,reference:file:/home/sophia/.m2/repository/p2/osgi/bundle/org.eclipse.equinox.p2.ui.sdk.source/1.0.400.v20150423-1455/org.eclipse.equinox.p2.ui.sdk.source-1.0.400.v20150423-1455.jar,reference:file:/home/sophia/.m2/repository/p2/osgi/bundle/org.eclipse.equinox.p2.ui.importexport/1.1.100.v20150423-1455/org.eclipse.equinox.p2.ui.importexport-1.1.100.v20150423-1455.jar,reference:file:/home/sophia/.m2/repository/p2/osgi/bundle/org.eclipse.equinox.p2.updatesite/1.0.500.v20150423-1455/org.eclipse.equinox.p2.updatesite-1.0.500.v20150423-1455.jar,reference:file:/home/sophia/.m2/repository/p2/osgi/bundle/org.eclipse.equinox.p2.updatesite.source/1.0.500.v20150423-1455/org.eclipse.equinox.p2.updatesite.source-1.0.500.v20150423-1455.jar,reference:file:/home/sophia/.m2/repository/p2/osgi/bundle/org.eclipse.equinox.p2.ui.importexport.source/1.1.100.v20150423-1455/org.eclipse.equinox.p2.ui.importexport.source-1.1.100.v20150423-1455.jar,reference:file:/home/sophia/.m2/repository/p2/osgi/bundle/org.eclipse.help.base/4.0.300.v20150603-2000/org.eclipse.help.base-4.0.300.v20150603-2000.jar,reference:file:/home/sophia/.m2/repository/p2/osgi/bundle/org.eclipse.help.ui/4.0.100.v20140401-0608/org.eclipse.help.ui-4.0.100.v20140401-0608.jar,reference:file:/home/sophia/.m2/repository/p2/osgi/bundle/org.eclipse.help.webapp/3.7.0.v20150425-0643/org.eclipse.help.webapp-3.7.0.v20150425-0643.jar,reference:file:/home/sophia/.m2/repository/p2/osgi/bundle/org.eclipse.jetty.continuation/9.2.9.v20150224/org.eclipse.jetty.continuation-9.2.9.v20150224.jar,reference:file:/home/sophia/.m2/repository/p2/osgi/bundle/org.eclipse.jetty.io/9.2.9.v20150224/org.eclipse.jetty.io-9.2.9.v20150224.jar,reference:file:/home/sophia/.m2/repository/p2/osgi/bundle/org.eclipse.jetty.security/9.2.9.v20150224/org.eclipse.jetty.security-9.2.9.v20150224.jar,reference:file:/home/sophia/.m2/repository/p2/osgi/bundle/javax.el.source/2.2.0.v201303151357/javax.el.source-2.2.0.v201303151357.jar,reference:file:/home/sophia/.m2/repository/p2/osgi/bundle/javax.servlet.source/3.1.0.v201410161800/javax.servlet.source-3.1.0.v201410161800.jar,reference:file:/home/sophia/.m2/repository/p2/osgi/bundle/javax.servlet.jsp.source/2.2.0.v201112011158/javax.servlet.jsp.source-2.2.0.v201112011158.jar,reference:file:/home/sophia/.m2/repository/p2/osgi/bundle/com.sun.el.source/2.2.0.v201303151357/com.sun.el.source-2.2.0.v201303151357.jar,reference:file:/home/sophia/.m2/repository/p2/osgi/bundle/org.apache.commons.logging.source/1.1.1.v201101211721/org.apache.commons.logging.source-1.1.1.v201101211721.jar,reference:file:/home/sophia/.m2/repository/p2/osgi/bundle/org.apache.jasper.glassfish.source/2.2.2.v201501141630/org.apache.jasper.glassfish.source-2.2.2.v201501141630.jar,reference:file:/home/sophia/.m2/repository/p2/osgi/bundle/org.apache.lucene.analysis.source/3.5.0.v20120725-1805/org.apache.lucene.analysis.source-3.5.0.v20120725-1805.jar,reference:file:/home/sophia/.m2/repository/p2/osgi/bundle/org.apache.lucene.core.source/3.5.0.v20120725-1805/org.apache.lucene.core.source-3.5.0.v20120725-1805.jar,reference:file:/home/sophia/.m2/repository/p2/osgi/bundle/org.eclipse.equinox.http.jetty.source/3.1.0.v20150323-1312/org.eclipse.equinox.http.jetty.source-3.1.0.v20150323-1312.jar,reference:file:/home/sophia/.m2/repository/p2/osgi/bundle/org.eclipse.equinox.http.registry.source/1.1.300.v20130402-1529/org.eclipse.equinox.http.registry.source-1.1.300.v20130402-1529.jar,reference:file:/home/sophia/.m2/repository/p2/osgi/bundle/org.eclipse.equinox.http.servlet.source/1.2.0.v20150519-1816/org.eclipse.equinox.http.servlet.source-1.2.0.v20150519-1816.jar,reference:file:/home/sophia/.m2/repository/p2/osgi/bundle/org.eclipse.equinox.jsp.jasper.source/1.0.500.v20150119-1358/org.eclipse.equinox.jsp.jasper.source-1.0.500.v20150119-1358.jar,reference:file:/home/sophia/.m2/repository/p2/osgi/bundle/org.eclipse.equinox.jsp.jasper.registry.source/1.0.300.v20130327-1442/org.eclipse.equinox.jsp.jasper.registry.source-1.0.300.v20130327-1442.jar,reference:file:/home/sophia/.m2/repository/p2/osgi/bundle/org.eclipse.help.base.source/4.0.300.v20150603-2000/org.eclipse.help.base.source-4.0.300.v20150603-2000.jar,reference:file:/home/sophia/.m2/repository/p2/osgi/bundle/org.eclipse.help.ui.source/4.0.100.v20140401-0608/org.eclipse.help.ui.source-4.0.100.v20140401-0608.jar,reference:file:/home/sophia/.m2/repository/p2/osgi/bundle/org.eclipse.help.webapp.source/3.7.0.v20150425-0643/org.eclipse.help.webapp.source-3.7.0.v20150425-0643.jar,reference:file:/home/sophia/.m2/repository/p2/osgi/bundle/org.eclipse.jetty.continuation.source/9.2.9.v20150224/org.eclipse.jetty.continuation.source-9.2.9.v20150224.jar,reference:file:/home/sophia/.m2/repository/p2/osgi/bundle/org.eclipse.jetty.http.source/9.2.9.v20150224/org.eclipse.jetty.http.source-9.2.9.v20150224.jar,reference:file:/home/sophia/.m2/repository/p2/osgi/bundle/org.eclipse.jetty.io.source/9.2.9.v20150224/org.eclipse.jetty.io.source-9.2.9.v20150224.jar,reference:file:/home/sophia/.m2/repository/p2/osgi/bundle/org.eclipse.jetty.security.source/9.2.9.v20150224/org.eclipse.jetty.security.source-9.2.9.v20150224.jar,reference:file:/home/sophia/.m2/repository/p2/osgi/bundle/org.eclipse.jetty.server.source/9.2.9.v20150224/org.eclipse.jetty.server.source-9.2.9.v20150224.jar,reference:file:/home/sophia/.m2/repository/p2/osgi/bundle/org.eclipse.jetty.servlet.source/9.2.9.v20150224/org.eclipse.jetty.servlet.source-9.2.9.v20150224.jar,reference:file:/home/sophia/.m2/repository/p2/osgi/bundle/org.eclipse.jetty.util.source/9.2.9.v20150224/org.eclipse.jetty.util.source-9.2.9.v20150224.jar,reference:file:/home/sophia/.m2/repository/p2/osgi/bundle/org.eclipse.core.net.source/1.2.300.v20141118-1725/org.eclipse.core.net.source-1.2.300.v20141118-1725.jar,reference:file:/home/sophia/.m2/repository/p2/osgi/bundle/org.eclipse.jdt/3.11.0.v20150603-2000/org.eclipse.jdt-3.11.0.v20150603-2000.jar,reference:file:/home/sophia/.m2/repository/p2/osgi/bundle/org.eclipse.ui.intro/3.4.300.v20141007-1449/org.eclipse.ui.intro-3.4.300.v20141007-1449.jar,reference:file:/home/sophia/.m2/repository/p2/osgi/bundle/org.eclipse.ui.cheatsheets/3.4.200.v20131227-1524/org.eclipse.ui.cheatsheets-3.4.200.v20131227-1524.jar,reference:file:/home/sophia/.m2/repository/p2/osgi/bundle/org.eclipse.jdt.apt.core/3.4.0.v20150518-1201/org.eclipse.jdt.apt.core-3.4.0.v20150518-1201.jar,reference:file:/home/sophia/.m2/repository/p2/osgi/bundle/org.eclipse.jdt.apt.pluggable.core/1.1.0.v20150423-0947/org.eclipse.jdt.apt.pluggable.core-1.1.0.v20150423-0947.jar,reference:file:/home/sophia/.m2/repository/p2/osgi/bundle/org.eclipse.jdt.compiler.tool/1.1.0.v20150513-2007/org.eclipse.jdt.compiler.tool-1.1.0.v20150513-2007.jar,reference:file:/home/sophia/.m2/repository/p2/osgi/bundle/org.eclipse.jdt.compiler.apt/1.2.0.v20150514-0146/org.eclipse.jdt.compiler.apt-1.2.0.v20150514-0146.jar,reference:file:/home/sophia/.m2/repository/p2/osgi/bundle/org.eclipse.jdt.apt.ui/3.4.0.v20150423-0947/org.eclipse.jdt.apt.ui-3.4.0.v20150423-0947.jar,reference:file:/home/sophia/.m2/repository/p2/osgi/bundle/org.eclipse.jdt.annotation/1.1.100.v20140704-0625/org.eclipse.jdt.annotation-1.1.100.v20140704-0625.jar,reference:file:/home/sophia/.m2/repository/p2/osgi/bundle/org.eclipse.jdt.core.manipulation/1.5.100.v20141002-1241/org.eclipse.jdt.core.manipulation-1.5.100.v20141002-1241.jar,reference:file:/home/sophia/git/cdtplugintest/ch.felixmorgner.test.test/target/work/plugins/org.eclipse.jdt.debug_3.9.0.v20150528-1838,reference:file:/home/sophia/.m2/repository/p2/osgi/bundle/org.eclipse.jdt.doc.isv/3.11.0.v20150603-1944/org.eclipse.jdt.doc.isv-3.11.0.v20150603-1944.jar,reference:file:/home/sophia/.m2/repository/p2/osgi/bundle/org.eclipse.jdt.doc.user/3.11.0.v20150603-1912/org.eclipse.jdt.doc.user-3.11.0.v20150603-1912.jar,reference:file:/home/sophia/.m2/repository/p2/osgi/bundle/org.eclipse.jdt.annotation/2.0.100.v20150311-1658/org.eclipse.jdt.annotation-2.0.100.v20150311-1658.jar,reference:file:/home/sophia/.m2/repository/p2/osgi/bundle/org.eclipse.jdt.junit.core/3.7.400.v20150423-0747/org.eclipse.jdt.junit.core-3.7.400.v20150423-0747.jar,reference:file:/home/sophia/.m2/repository/p2/osgi/bundle/org.eclipse.jdt.junit.runtime/3.4.500.v20140527-1138/org.eclipse.jdt.junit.runtime-3.4.500.v20140527-1138.jar,reference:file:/home/sophia/.m2/repository/p2/osgi/bundle/org.eclipse.jdt.junit4.runtime/1.1.500.v20150423-0747/org.eclipse.jdt.junit4.runtime-1.1.500.v20150423-0747.jar,reference:file:/home/sophia/.m2/repository/p2/osgi/bundle/org.hamcrest.core/1.3.0.v201303031735/org.hamcrest.core-1.3.0.v201303031735.jar,reference:file:/home/sophia/.m2/repository/p2/osgi/bundle/org.eclipse.ant.ui.source/3.6.0.v20150428-1928/org.eclipse.ant.ui.source-3.6.0.v20150428-1928.jar,reference:file:/home/sophia/.m2/repository/p2/osgi/bundle/org.eclipse.jdt.apt.core.source/3.4.0.v20150518-1201/org.eclipse.jdt.apt.core.source-3.4.0.v20150518-1201.jar,reference:file:/home/sophia/.m2/repository/p2/osgi/bundle/org.eclipse.jdt.apt.ui.source/3.4.0.v20150423-0947/org.eclipse.jdt.apt.ui.source-3.4.0.v20150423-0947.jar,reference:file:/home/sophia/.m2/repository/p2/osgi/bundle/org.eclipse.jdt.apt.pluggable.core.source/1.1.0.v20150423-0947/org.eclipse.jdt.apt.pluggable.core.source-1.1.0.v20150423-0947.jar,reference:file:/home/sophia/.m2/repository/p2/osgi/bundle/org.eclipse.jdt.compiler.apt.source/1.2.0.v20150514-0146/org.eclipse.jdt.compiler.apt.source-1.2.0.v20150514-0146.jar,reference:file:/home/sophia/.m2/repository/p2/osgi/bundle/org.eclipse.jdt.compiler.tool.source/1.1.0.v20150513-2007/org.eclipse.jdt.compiler.tool.source-1.1.0.v20150513-2007.jar,reference:file:/home/sophia/.m2/repository/p2/osgi/bundle/org.eclipse.jdt.core.source/3.11.0.v20150602-1242/org.eclipse.jdt.core.source-3.11.0.v20150602-1242.jar,reference:file:/home/sophia/.m2/repository/p2/osgi/bundle/org.eclipse.jdt.annotation.source/1.1.100.v20140704-0625/org.eclipse.jdt.annotation.source-1.1.100.v20140704-0625.jar,reference:file:/home/sophia/.m2/repository/p2/osgi/bundle/org.eclipse.jdt.annotation.source/2.0.100.v20150311-1658/org.eclipse.jdt.annotation.source-2.0.100.v20150311-1658.jar,reference:file:/home/sophia/.m2/repository/p2/osgi/bundle/org.eclipse.jdt.core.manipulation.source/1.5.100.v20141002-1241/org.eclipse.jdt.core.manipulation.source-1.5.100.v20141002-1241.jar,reference:file:/home/sophia/.m2/repository/p2/osgi/bundle/org.eclipse.jdt.debug.ui.source/3.7.0.v20150505-1916/org.eclipse.jdt.debug.ui.source-3.7.0.v20150505-1916.jar,reference:file:/home/sophia/.m2/repository/p2/osgi/bundle/org.eclipse.jdt.debug.source/3.9.0.v20150528-1838/org.eclipse.jdt.debug.source-3.9.0.v20150528-1838.jar,reference:file:/home/sophia/.m2/repository/p2/osgi/bundle/org.eclipse.jdt.junit.source/3.8.0.v20150428-1340/org.eclipse.jdt.junit.source-3.8.0.v20150428-1340.jar,reference:file:/home/sophia/.m2/repository/p2/osgi/bundle/org.eclipse.jdt.junit.core.source/3.7.400.v20150423-0747/org.eclipse.jdt.junit.core.source-3.7.400.v20150423-0747.jar,reference:file:/home/sophia/.m2/repository/p2/osgi/bundle/org.eclipse.jdt.junit.runtime.source/3.4.500.v20140527-1138/org.eclipse.jdt.junit.runtime.source-3.4.500.v20140527-1138.jar,reference:file:/home/sophia/.m2/repository/p2/osgi/bundle/org.eclipse.jdt.junit4.runtime.source/1.1.500.v20150423-0747/org.eclipse.jdt.junit4.runtime.source-1.1.500.v20150423-0747.jar,reference:file:/home/sophia/.m2/repository/p2/osgi/bundle/org.eclipse.jdt.launching.source/3.8.0.v20150527-0946/org.eclipse.jdt.launching.source-3.8.0.v20150527-0946.jar,reference:file:/home/sophia/.m2/repository/p2/osgi/bundle/org.eclipse.jdt.ui.source/3.11.0.v20150527-0925/org.eclipse.jdt.ui.source-3.11.0.v20150527-0925.jar,reference:file:/home/sophia/.m2/repository/p2/osgi/bundle/org.junit.source/4.12.0.v201504281640/org.junit.source-4.12.0.v201504281640.jar,reference:file:/home/sophia/.m2/repository/p2/osgi/bundle/org.hamcrest.core.source/1.3.0.v201303031735/org.hamcrest.core.source-1.3.0.v201303031735.jar,reference:file:/home/sophia/.m2/repository/p2/osgi/bundle/org.eclipse.ant.launching.source/1.1.0.v20150428-1928/org.eclipse.ant.launching.source-1.1.0.v20150428-1928.jar,reference:file:/home/sophia/.m2/repository/p2/osgi/bundle/org.eclipse.team.ui/3.7.200.v20150203-1452/org.eclipse.team.ui-3.7.200.v20150203-1452.jar,reference:file:/home/sophia/.m2/repository/p2/osgi/bundle/org.eclipse.jsch.core/1.2.0.v20141202-1415/org.eclipse.jsch.core-1.2.0.v20141202-1415.jar,reference:file:/home/sophia/.m2/repository/p2/osgi/bundle/org.eclipse.jsch.ui/1.2.0.v20141202-1415/org.eclipse.jsch.ui-1.2.0.v20141202-1415.jar,reference:file:/home/sophia/.m2/repository/p2/osgi/bundle/org.eclipse.osgi.util/3.3.100.v20150423-1351/org.eclipse.osgi.util-3.3.100.v20150423-1351.jar,reference:file:/home/sophia/.m2/repository/p2/osgi/bundle/org.eclipse.pde.api.tools/1.0.700.v20150513-0819/org.eclipse.pde.api.tools-1.0.700.v20150513-0819.jar,reference:file:/home/sophia/.m2/repository/p2/osgi/bundle/org.eclipse.pde.core/3.10.100.v20150522-0332/org.eclipse.pde.core-3.10.100.v20150522-0332.jar,reference:file:/home/sophia/.m2/repository/p2/osgi/bundle/org.objectweb.asm/5.0.1.v201404251740/org.objectweb.asm-5.0.1.v201404251740.jar,reference:file:/home/sophia/.m2/repository/p2/osgi/bundle/org.objectweb.asm.tree/5.0.1.v201404251740/org.objectweb.asm.tree-5.0.1.v201404251740.jar,reference:file:/home/sophia/.m2/repository/p2/osgi/bundle/org.eclipse.pde.api.tools.ui/1.0.600.v20150513-0819/org.eclipse.pde.api.tools.ui-1.0.600.v20150513-0819.jar,reference:file:/home/sophia/.m2/repository/p2/osgi/bundle/org.eclipse.pde.ui/3.8.200.v20150602-2024/org.eclipse.pde.ui-3.8.200.v20150602-2024.jar,reference:file:/home/sophia/.m2/repository/p2/osgi/bundle/org.eclipse.ui.trace/1.0.300.v20150220-1252/org.eclipse.ui.trace-1.0.300.v20150220-1252.jar,reference:file:/home/sophia/git/cdtplugintest/ch.felixmorgner.test.test/target/work/plugins/org.eclipse.pde.build_3.9.100.v20150521-1524,reference:file:/home/sophia/.m2/repository/p2/osgi/bundle/org.eclipse.pde.doc.user/3.11.0.v20150603-1944/org.eclipse.pde.doc.user-3.11.0.v20150603-1944.jar,reference:file:/home/sophia/.m2/repository/p2/osgi/bundle/org.eclipse.pde.ds.core/1.0.400.v20150423-1241/org.eclipse.pde.ds.core-1.0.400.v20150423-1241.jar,reference:file:/home/sophia/.m2/repository/p2/osgi/bundle/org.eclipse.pde.ds.ui/1.0.400.v20150506-1709/org.eclipse.pde.ds.ui-1.0.400.v20150506-1709.jar,reference:file:/home/sophia/.m2/repository/p2/osgi/bundle/org.eclipse.pde/3.11.0.v20150603-2000/org.eclipse.pde-3.11.0.v20150603-2000.jar,reference:file:/home/sophia/.m2/repository/p2/osgi/bundle/org.eclipse.pde.junit.runtime/3.4.500.v20150423-1241/org.eclipse.pde.junit.runtime-3.4.500.v20150423-1241.jar,reference:file:/home/sophia/.m2/repository/p2/osgi/bundle/org.eclipse.pde.runtime/3.4.500.v20150423-1241/org.eclipse.pde.runtime-3.4.500.v20150423-1241.jar,reference:file:/home/sophia/.m2/repository/p2/osgi/bundle/org.eclipse.pde.ui.templates/3.5.0.v20150528-1349/org.eclipse.pde.ui.templates-3.5.0.v20150528-1349.jar,reference:file:/home/sophia/.m2/repository/p2/osgi/bundle/org.eclipse.ui.views.log/1.0.600.v20150513-1840/org.eclipse.ui.views.log-1.0.600.v20150513-1840.jar,reference:file:/home/sophia/.m2/repository/p2/osgi/bundle/org.eclipse.pde.api.tools.annotations/1.0.0.v20140602-1527/org.eclipse.pde.api.tools.annotations-1.0.0.v20140602-1527.jar,reference:file:/home/sophia/.m2/repository/p2/osgi/bundle/org.eclipse.pde.launching/3.6.300.v20150423-1241/org.eclipse.pde.launching-3.6.300.v20150423-1241.jar,reference:file:/home/sophia/.m2/repository/p2/osgi/bundle/org.eclipse.pde.ua.core/1.0.400.v20150220-1252/org.eclipse.pde.ua.core-1.0.400.v20150220-1252.jar,reference:file:/home/sophia/.m2/repository/p2/osgi/bundle/org.eclipse.pde.ua.ui/1.0.400.v20150513-1136/org.eclipse.pde.ua.ui-1.0.400.v20150513-1136.jar,reference:file:/home/sophia/.m2/repository/p2/osgi/bundle/org.eclipse.pde.build.source/3.9.100.v20150521-1524/org.eclipse.pde.build.source-3.9.100.v20150521-1524.jar,reference:file:/home/sophia/.m2/repository/p2/osgi/bundle/org.eclipse.pde.core.source/3.10.100.v20150522-0332/org.eclipse.pde.core.source-3.10.100.v20150522-0332.jar,reference:file:/home/sophia/.m2/repository/p2/osgi/bundle/org.eclipse.pde.junit.runtime.source/3.4.500.v20150423-1241/org.eclipse.pde.junit.runtime.source-3.4.500.v20150423-1241.jar,reference:file:/home/sophia/.m2/repository/p2/osgi/bundle/org.eclipse.pde.runtime.source/3.4.500.v20150423-1241/org.eclipse.pde.runtime.source-3.4.500.v20150423-1241.jar,reference:file:/home/sophia/.m2/repository/p2/osgi/bundle/org.eclipse.pde.ui.source/3.8.200.v20150602-2024/org.eclipse.pde.ui.source-3.8.200.v20150602-2024.jar,reference:file:/home/sophia/.m2/repository/p2/osgi/bundle/org.eclipse.pde.ui.templates.source/3.5.0.v20150528-1349/org.eclipse.pde.ui.templates.source-3.5.0.v20150528-1349.jar,reference:file:/home/sophia/.m2/repository/p2/osgi/bundle/org.eclipse.ui.views.log.source/1.0.600.v20150513-1840/org.eclipse.ui.views.log.source-1.0.600.v20150513-1840.jar,reference:file:/home/sophia/.m2/repository/p2/osgi/bundle/org.objectweb.asm.source/5.0.1.v201404251740/org.objectweb.asm.source-5.0.1.v201404251740.jar,reference:file:/home/sophia/.m2/repository/p2/osgi/bundle/org.objectweb.asm.tree.source/5.0.1.v201404251740/org.objectweb.asm.tree.source-5.0.1.v201404251740.jar,reference:file:/home/sophia/.m2/repository/p2/osgi/bundle/org.eclipse.pde.api.tools.source/1.0.700.v20150513-0819/org.eclipse.pde.api.tools.source-1.0.700.v20150513-0819.jar,reference:file:/home/sophia/.m2/repository/p2/osgi/bundle/org.eclipse.pde.api.tools.annotations.source/1.0.0.v20140602-1527/org.eclipse.pde.api.tools.annotations.source-1.0.0.v20140602-1527.jar,reference:file:/home/sophia/.m2/repository/p2/osgi/bundle/org.eclipse.pde.api.tools.ui.source/1.0.600.v20150513-0819/org.eclipse.pde.api.tools.ui.source-1.0.600.v20150513-0819.jar,reference:file:/home/sophia/.m2/repository/p2/osgi/bundle/org.eclipse.pde.ds.core.source/1.0.400.v20150423-1241/org.eclipse.pde.ds.core.source-1.0.400.v20150423-1241.jar,reference:file:/home/sophia/.m2/repository/p2/osgi/bundle/org.eclipse.pde.ds.ui.source/1.0.400.v20150506-1709/org.eclipse.pde.ds.ui.source-1.0.400.v20150506-1709.jar,reference:file:/home/sophia/.m2/repository/p2/osgi/bundle/org.eclipse.pde.launching.source/3.6.300.v20150423-1241/org.eclipse.pde.launching.source-3.6.300.v20150423-1241.jar,reference:file:/home/sophia/.m2/repository/p2/osgi/bundle/org.eclipse.pde.ua.core.source/1.0.400.v20150220-1252/org.eclipse.pde.ua.core.source-1.0.400.v20150220-1252.jar,reference:file:/home/sophia/.m2/repository/p2/osgi/bundle/org.eclipse.pde.ua.ui.source/1.0.400.v20150513-1136/org.eclipse.pde.ua.ui.source-1.0.400.v20150513-1136.jar,reference:file:/home/sophia/.m2/repository/p2/osgi/bundle/org.eclipse.ui.trace.source/1.0.300.v20150220-1252/org.eclipse.ui.trace.source-1.0.300.v20150220-1252.jar,reference:file:/home/sophia/git/cdtplugintest/ch.felixmorgner.test.test/target/work/plugins/org.eclipse.platform_4.5.0.v20150603-2000,reference:file:/home/sophia/.m2/repository/p2/osgi/bundle/org.eclipse.platform.doc.isv/4.5.0.v20150604-0004/org.eclipse.platform.doc.isv-4.5.0.v20150604-0004.jar,reference:file:/home/sophia/.m2/repository/p2/osgi/bundle/org.eclipse.platform.doc.user/4.5.0.v20150603-2358/org.eclipse.platform.doc.user-4.5.0.v20150603-2358.jar,reference:file:/home/sophia/.m2/repository/p2/osgi/bundle/org.eclipse.ui.intro.universal/3.2.800.v20150325-0952/org.eclipse.ui.intro.universal-3.2.800.v20150325-0952.jar,reference:file:/home/sophia/.m2/repository/p2/osgi/bundle/org.eclipse.ui.browser/3.4.300.v20150429-0602/org.eclipse.ui.browser-3.4.300.v20150429-0602.jar,reference:file:/home/sophia/.m2/repository/p2/osgi/bundle/org.eclipse.ui.monitoring/1.0.0.v20150512-1436/org.eclipse.ui.monitoring-1.0.0.v20150512-1436.jar,reference:file:/home/sophia/.m2/repository/p2/osgi/bundle/org.eclipse.ui.net/1.2.200.v20120807-0927/org.eclipse.ui.net-1.2.200.v20120807-0927.jar,reference:file:/home/sophia/.m2/repository/p2/osgi/bundle/org.eclipse.ui.ide.application/1.1.0.v20150422-0725/org.eclipse.ui.ide.application-1.1.0.v20150422-0725.jar,reference:file:/home/sophia/.m2/repository/p2/osgi/bundle/org.eclipse.ui.views.properties.tabbed/3.6.100.v20150423-0822/org.eclipse.ui.views.properties.tabbed-3.6.100.v20150423-0822.jar,reference:file:/home/sophia/git/cdtplugintest/ch.felixmorgner.test.test/target/work/plugins/org.eclipse.ui.themes_1.1.0.v20150511-0913,reference:file:/home/sophia/.m2/repository/p2/osgi/bundle/org.apache.ant.source/1.9.4.v201504302020/org.apache.ant.source-1.9.4.v201504302020.jar,reference:file:/home/sophia/.m2/repository/p2/osgi/bundle/org.eclipse.ant.core.source/3.4.0.v20150428-1928/org.eclipse.ant.core.source-3.4.0.v20150428-1928.jar,reference:file:/home/sophia/.m2/repository/p2/osgi/bundle/com.jcraft.jsch.source/0.1.51.v201410302000/com.jcraft.jsch.source-0.1.51.v201410302000.jar,reference:file:/home/sophia/.m2/repository/p2/osgi/bundle/org.eclipse.compare.core.source/3.5.500.v20150505-1058/org.eclipse.compare.core.source-3.5.500.v20150505-1058.jar,reference:file:/home/sophia/.m2/repository/p2/osgi/bundle/org.eclipse.compare.source/3.5.600.v20150420-1449/org.eclipse.compare.source-3.5.600.v20150420-1449.jar,reference:file:/home/sophia/.m2/repository/p2/osgi/bundle/org.eclipse.core.filebuffers.source/3.5.500.v20140723-1040/org.eclipse.core.filebuffers.source-3.5.500.v20140723-1040.jar,reference:file:/home/sophia/.m2/repository/p2/osgi/bundle/org.eclipse.core.filesystem.source/1.5.0.v20150421-0713/org.eclipse.core.filesystem.source-1.5.0.v20150421-0713.jar,reference:file:/home/sophia/.m2/repository/p2/osgi/bundle/org.eclipse.core.resources.source/3.10.0.v20150423-0755/org.eclipse.core.resources.source-3.10.0.v20150423-0755.jar,reference:file:/home/sophia/.m2/repository/p2/osgi/bundle/org.eclipse.core.runtime.compatibility.source/3.2.300.v20150423-0821/org.eclipse.core.runtime.compatibility.source-3.2.300.v20150423-0821.jar,reference:file:/home/sophia/.m2/repository/p2/osgi/bundle/org.eclipse.core.runtime.compatibility.registry.source/3.6.0.v20150318-1505/org.eclipse.core.runtime.compatibility.registry.source-3.6.0.v20150318-1505.jar,reference:file:/home/sophia/.m2/repository/p2/osgi/bundle/org.eclipse.osgi.util.source/3.3.100.v20150423-1351/org.eclipse.osgi.util.source-3.3.100.v20150423-1351.jar,reference:file:/home/sophia/.m2/repository/p2/osgi/bundle/org.eclipse.debug.core.source/3.10.0.v20150303-1130/org.eclipse.debug.core.source-3.10.0.v20150303-1130.jar,reference:file:/home/sophia/.m2/repository/p2/osgi/bundle/org.eclipse.debug.ui.source/3.11.0.v20150514-0917/org.eclipse.debug.ui.source-3.11.0.v20150514-0917.jar,reference:file:/home/sophia/.m2/repository/p2/osgi/bundle/org.eclipse.ltk.core.refactoring.source/3.6.200.v20140826-0859/org.eclipse.ltk.core.refactoring.source-3.6.200.v20140826-0859.jar,reference:file:/home/sophia/.m2/repository/p2/osgi/bundle/org.eclipse.ltk.ui.refactoring.source/3.7.200.v20140625-1835/org.eclipse.ltk.ui.refactoring.source-3.7.200.v20140625-1835.jar,reference:file:/home/sophia/.m2/repository/p2/osgi/bundle/org.eclipse.platform.source/4.5.0.v20150603-2000/org.eclipse.platform.source-4.5.0.v20150603-2000.jar,reference:file:/home/sophia/.m2/repository/p2/osgi/bundle/org.eclipse.search.source/3.10.0.v20150318-0856/org.eclipse.search.source-3.10.0.v20150318-0856.jar,reference:file:/home/sophia/.m2/repository/p2/osgi/bundle/org.eclipse.team.core.source/3.7.100.v20150203-1452/org.eclipse.team.core.source-3.7.100.v20150203-1452.jar,reference:file:/home/sophia/.m2/repository/p2/osgi/bundle/org.eclipse.team.ui.source/3.7.200.v20150203-1452/org.eclipse.team.ui.source-3.7.200.v20150203-1452.jar,reference:file:/home/sophia/.m2/repository/p2/osgi/bundle/org.eclipse.text.source/3.5.400.v20150505-1044/org.eclipse.text.source-3.5.400.v20150505-1044.jar,reference:file:/home/sophia/.m2/repository/p2/osgi/bundle/org.eclipse.jface.text.source/3.10.0.v20150603-1752/org.eclipse.jface.text.source-3.10.0.v20150603-1752.jar,reference:file:/home/sophia/.m2/repository/p2/osgi/bundle/org.eclipse.jsch.core.source/1.2.0.v20141202-1415/org.eclipse.jsch.core.source-1.2.0.v20141202-1415.jar,reference:file:/home/sophia/.m2/repository/p2/osgi/bundle/org.eclipse.jsch.ui.source/1.2.0.v20141202-1415/org.eclipse.jsch.ui.source-1.2.0.v20141202-1415.jar,reference:file:/home/sophia/.m2/repository/p2/osgi/bundle/org.eclipse.ui.console.source/3.6.0.v20150512-1341/org.eclipse.ui.console.source-3.6.0.v20150512-1341.jar,reference:file:/home/sophia/.m2/repository/p2/osgi/bundle/org.eclipse.ui.intro.source/3.4.300.v20141007-1449/org.eclipse.ui.intro.source-3.4.300.v20141007-1449.jar,reference:file:/home/sophia/.m2/repository/p2/osgi/bundle/org.eclipse.ui.intro.universal.source/3.2.800.v20150325-0952/org.eclipse.ui.intro.universal.source-3.2.800.v20150325-0952.jar,reference:file:/home/sophia/.m2/repository/p2/osgi/bundle/org.eclipse.ui.cheatsheets.source/3.4.200.v20131227-1524/org.eclipse.ui.cheatsheets.source-3.4.200.v20131227-1524.jar,reference:file:/home/sophia/.m2/repository/p2/osgi/bundle/org.eclipse.ui.browser.source/3.4.300.v20150429-0602/org.eclipse.ui.browser.source-3.4.300.v20150429-0602.jar,reference:file:/home/sophia/.m2/repository/p2/osgi/bundle/org.eclipse.ui.monitoring.source/1.0.0.v20150512-1436/org.eclipse.ui.monitoring.source-1.0.0.v20150512-1436.jar,reference:file:/home/sophia/.m2/repository/p2/osgi/bundle/org.eclipse.ui.navigator.source/3.6.0.v20150422-0725/org.eclipse.ui.navigator.source-3.6.0.v20150422-0725.jar,reference:file:/home/sophia/.m2/repository/p2/osgi/bundle/org.eclipse.ui.navigator.resources.source/3.5.0.v20150422-0725/org.eclipse.ui.navigator.resources.source-3.5.0.v20150422-0725.jar,reference:file:/home/sophia/.m2/repository/p2/osgi/bundle/org.eclipse.ui.net.source/1.2.200.v20120807-0927/org.eclipse.ui.net.source-1.2.200.v20120807-0927.jar,reference:file:/home/sophia/.m2/repository/p2/osgi/bundle/org.eclipse.ui.workbench.texteditor.source/3.9.100.v20141023-1946/org.eclipse.ui.workbench.texteditor.source-3.9.100.v20141023-1946.jar,reference:file:/home/sophia/.m2/repository/p2/osgi/bundle/org.eclipse.ui.views.source/3.8.0.v20150422-0725/org.eclipse.ui.views.source-3.8.0.v20150422-0725.jar,reference:file:/home/sophia/.m2/repository/p2/osgi/bundle/org.eclipse.ui.editors.source/3.9.0.v20150213-1939/org.eclipse.ui.editors.source-3.9.0.v20150213-1939.jar,reference:file:/home/sophia/.m2/repository/p2/osgi/bundle/org.eclipse.ui.externaltools.source/3.3.0.v20150302-1002/org.eclipse.ui.externaltools.source-3.3.0.v20150302-1002.jar,reference:file:/home/sophia/.m2/repository/p2/osgi/bundle/org.eclipse.ui.ide.source/3.11.0.v20150510-1749/org.eclipse.ui.ide.source-3.11.0.v20150510-1749.jar,reference:file:/home/sophia/.m2/repository/p2/osgi/bundle/org.eclipse.ui.ide.application.source/1.1.0.v20150422-0725/org.eclipse.ui.ide.application.source-1.1.0.v20150422-0725.jar,reference:file:/home/sophia/.m2/repository/p2/osgi/bundle/org.eclipse.core.variables.source/3.2.800.v20130819-1716/org.eclipse.core.variables.source-3.2.800.v20130819-1716.jar,reference:file:/home/sophia/.m2/repository/p2/osgi/bundle/org.eclipse.ui.forms.source/3.6.200.v20150506-2029/org.eclipse.ui.forms.source-3.6.200.v20150506-2029.jar,reference:file:/home/sophia/.m2/repository/p2/osgi/bundle/org.eclipse.ui.views.properties.tabbed.source/3.6.100.v20150423-0822/org.eclipse.ui.views.properties.tabbed.source-3.6.100.v20150423-0822.jar,reference:file:/home/sophia/.m2/repository/p2/osgi/bundle/org.eclipse.core.externaltools.source/1.0.300.v20140219-0051/org.eclipse.core.externaltools.source-1.0.300.v20140219-0051.jar,reference:file:/home/sophia/.m2/repository/p2/osgi/bundle/org.eclipse.ui.themes.source/1.1.0.v20150511-0913/org.eclipse.ui.themes.source-1.1.0.v20150511-0913.jar,reference:file:/home/sophia/.m2/repository/p2/osgi/bundle/org.eclipse.core.filesystem.java7.source/1.0.100.v20150423-0754/org.eclipse.core.filesystem.java7.source-1.0.100.v20150423-0754.jar,reference:file:/home/sophia/.m2/repository/p2/osgi/bundle/org.eclipse.ui.workbench/3.107.0.v20150510-1732/org.eclipse.ui.workbench-3.107.0.v20150510-1732.jar,reference:file:/home/sophia/.m2/repository/p2/osgi/bundle/org.eclipse.rcp/4.5.0.v20150603-2000/org.eclipse.rcp-4.5.0.v20150603-2000.jar,reference:file:/home/sophia/.m2/repository/p2/osgi/bundle/org.eclipse.help.source/3.6.0.v20130326-1254/org.eclipse.help.source-3.6.0.v20130326-1254.jar,reference:file:/home/sophia/.m2/repository/p2/osgi/bundle/org.eclipse.ui.source/3.107.0.v20150507-1945/org.eclipse.ui.source-3.107.0.v20150507-1945.jar,reference:file:/home/sophia/.m2/repository/p2/osgi/bundle/org.eclipse.ui.workbench.source/3.107.0.v20150510-1732/org.eclipse.ui.workbench.source-3.107.0.v20150510-1732.jar,reference:file:/home/sophia/.m2/repository/p2/osgi/bundle/org.eclipse.update.configurator.source/3.3.300.v20140518-1928/org.eclipse.update.configurator.source-3.3.300.v20140518-1928.jar,reference:file:/home/sophia/git/cdtplugintest/ch.felixmorgner.test.test/target/work/plugins/org.eclipse.sdk_4.5.0.v20150603-2000,reference:file:/home/sophia/.m2/repository/org/eclipse/tycho/org.eclipse.tycho.surefire.osgibooter/0.22.0/org.eclipse.tycho.surefire.osgibooter-0.22.0.jar,reference:file:/home/sophia/.m2/repository/org/eclipse/tycho/org.eclipse.tycho.surefire.junit4/0.22.0/org.eclipse.tycho.surefire.junit4-0.22.0.jar"/>
    <property name="java.endorsed.dirs" value="/usr/lib/jvm/java-8-openjdk/jre/lib/endorsed"/>
    <property name="osgi.tracefile" value="/home/sophia/git/cdtplugintest/ch.felixmorgner.test.test/target/work/data/.metadata/trace.log"/>
    <property name="sun.cpu.isalist" value=""/>
    <property name="sun.jnu.encoding" value="UTF-8"/>
    <property name="eclipse.application" value="org.eclipse.tycho.surefire.osgibooter.uitest"/>
    <property name="file.encoding.pkg" value="sun.io"/>
    <property name="org.osgi.framework.vendor" value="Eclipse"/>
    <property name="file.separator" value="/"/>
    <property name="java.specification.name" value="Java Platform API Specification"/>
    <property name="osgi.checkConfiguration" value="true"/>
    <property name="java.class.version" value="52.0"/>
    <property name="user.country" value="US"/>
    <property name="osgi.configuration.cascaded" value="false"/>
    <property name="java.home" value="/usr/lib/jvm/java-8-openjdk/jre"/>
    <property name="osgi.os" value="linux"/>
    <property name="codan.rethrow" value="true"/>
    <property name="eclipse.commands" value="-data&#10;/home/sophia/git/cdtplugintest/ch.felixmorgner.test.test/target/work/data&#10;-install&#10;/home/sophia/git/cdtplugintest/ch.felixmorgner.test.test/target/work&#10;-configuration&#10;/home/sophia/git/cdtplugintest/ch.felixmorgner.test.test/target/work/configuration&#10;-application&#10;org.eclipse.tycho.surefire.osgibooter.uitest&#10;-testproperties&#10;/home/sophia/git/cdtplugintest/ch.felixmorgner.test.test/target/surefire.properties&#10;-testApplication&#10;org.eclipse.ui.ide.workbench&#10;-product&#10;org.eclipse.epp.package.cpp.product&#10;-nouithread&#10;"/>
    <property name="java.vm.info" value="mixed mode"/>
    <property name="os.version" value="4.1.6-1-ARCH"/>
    <property name="osgi.arch" value="x86_64"/>
    <property name="path.separator" value=":"/>
    <property name="java.vm.version" value="25.60-b23"/>
    <property name="org.osgi.supports.framework.fragment" value="true"/>
    <property name="osgi.framework.shape" value="jar"/>
    <property name="java.awt.printerjob" value="sun.print.PSPrinterJob"/>
    <property name="sun.io.unicode.encoding" value="UnicodeLittle"/>
    <property name="org.osgi.framework.version" value="1.8.0"/>
    <property name="awt.toolkit" value="sun.awt.X11.XToolkit"/>
    <property name="eclipse.stateSaveDelayInterval" value="30000"/>
    <property name="osgi.dev" value="file:/home/sophia/git/cdtplugintest/ch.felixmorgner.test.test/target/work/dev.properties"/>
    <property name="osgi.install.area" value="file:/home/sophia/git/cdtplugintest/ch.felixmorgner.test.test/target/work/"/>
    <property name="osgi.framework" value="file:/home/sophia/.m2/repository/p2/osgi/bundle/org.eclipse.osgi/3.10.100.v20150529-1857/org.eclipse.osgi-3.10.100.v20150529-1857.jar"/>
    <property name="user.home" value="/home/sophia"/>
    <property name="osgi.framework.useSystemProperties" value="true"/>
    <property name="java.specification.vendor" value="Oracle Corporation"/>
    <property name="osgi.nl" value="en_US"/>
    <property name="java.library.path" value="/usr/java/packages/lib/amd64:/usr/lib64:/lib64:/lib:/usr/lib"/>
    <property name="java.vendor.url" value="http://java.oracle.com/"/>
    <property name="osgi.bundlefile.limit" value="100"/>
    <property name="eclipse.startTime" value="1442576078701"/>
    <property name="org.osgi.framework.os.version" value="4.1.6"/>
    <property name="java.vm.vendor" value="Oracle Corporation"/>
    <property name="java.runtime.name" value="OpenJDK Runtime Environment"/>
    <property name="java.class.path" value="/home/sophia/.m2/repository/p2/osgi/bundle/org.eclipse.equinox.launcher/1.3.100.v20150511-1540/org.eclipse.equinox.launcher-1.3.100.v20150511-1540.jar"/>
    <property name="sun.java.command" value="/home/sophia/.m2/repository/p2/osgi/bundle/org.eclipse.equinox.launcher/1.3.100.v20150511-1540/org.eclipse.equinox.launcher-1.3.100.v20150511-1540.jar -data /home/sophia/git/cdtplugintest/ch.felixmorgner.test.test/target/work/data -install /home/sophia/git/cdtplugintest/ch.felixmorgner.test.test/target/work -configuration /home/sophia/git/cdtplugintest/ch.felixmorgner.test.test/target/work/configuration -application org.eclipse.tycho.surefire.osgibooter.uitest -testproperties /home/sophia/git/cdtplugintest/ch.felixmorgner.test.test/target/surefire.properties -testApplication org.eclipse.ui.ide.workbench -product org.eclipse.epp.package.cpp.product -nouithread"/>
    <property name="java.vm.specification.name" value="Java Virtual Machine Specification"/>
    <property name="java.vm.specification.version" value="1.8"/>
    <property name="sun.os.patch.level" value="unknown"/>
    <property name="sun.cpu.endian" value="little"/>
    <property name="gosh.args" value="--nointeractive"/>
    <property name="java.io.tmpdir" value="/tmp"/>
    <property name="java.vendor.url.bug" value="http://bugreport.sun.com/bugreport/"/>
    <property name="applicationXMI" value="org.eclipse.ui.workbench/LegacyIDE.e4xmi"/>
    <property name="eclipse.product" value="org.eclipse.epp.package.cpp.product"/>
    <property name="eclipse.home.location" value="file:/home/sophia/git/cdtplugintest/ch.felixmorgner.test.test/target/work/"/>
    <property name="java.awt.graphicsenv" value="sun.awt.X11GraphicsEnvironment"/>
    <property name="os.arch" value="amd64"/>
    <property name="java.ext.dirs" value="/usr/lib/jvm/java-8-openjdk/jre/lib/ext:/usr/java/packages/lib/ext"/>
    <property name="user.dir" value="/home/sophia/git/cdtplugintest/ch.felixmorgner.test.test"/>
    <property name="org.osgi.supports.framework.requirebundle" value="true"/>
    <property name="osgi.clean" value="true"/>
    <property name="line.separator" value="&#10;"/>
    <property name="java.vm.name" value="OpenJDK 64-Bit Server VM"/>
    <property name="org.eclipse.swt.internal.gtk.version" value="3.16.6"/>
    <property name="file.encoding" value="UTF-8"/>
    <property name="java.specification.version" value="1.8"/>
    <property name="org.osgi.framework.executionenvironment" value="OSGi/Minimum-1.0,OSGi/Minimum-1.1,OSGi/Minimum-1.2,JavaSE/compact1-1.8,JavaSE/compact2-1.8,JavaSE/compact3-1.8,JRE-1.1,J2SE-1.2,J2SE-1.3,J2SE-1.4,J2SE-1.5,JavaSE-1.6,JavaSE-1.7,JavaSE-1.8"/>
    <property name="osgi.configuration.area" value="file:/home/sophia/git/cdtplugintest/ch.felixmorgner.test.test/target/work/configuration/"/>
    <property name="osgi.logfile" value="/home/sophia/git/cdtplugintest/ch.felixmorgner.test.test/target/work/data/.metadata/.log"/>
  </properties>
  <testcase name="testNonConst" classname="ch.felixmorgner.test.test.BasicTest" time="0.353"/>
</testsuite>